<?xml version="1.0" encoding="utf-8"?><testsuites name="pytest tests"><testsuite name="pytest" errors="0" failures="0" skipped="22" tests="759" time="1915.639" timestamp="2026-08-21T02:47:51.039694-07:00" hostname="parrot"><testcase classname="tests.test_catalogue_bodies_compile" name="test_all_catalogue_bodies_compile" time="0.000"><skipped type="pytest.skip" message="Set FEP_LEAN_CATALOGUE_COMPILE_TEST=1 for the full sealed Lake sweep.">/home/trim/Documents/Git/HumOS/projects/outside_of_hum/fep_lean/tests/test_catalogue_bodies_compile.py:28: Set FEP_LEAN_CATALOGUE_COMPILE_TEST=1 for the full sealed Lake sweep.</skipped></testcase><testcase classname="tests.test_catalogue_registry" name="test_metadata_roster_seal_exactly_joins_modular_body_registry" time="0.037" /><testcase classname="tests.test_catalogue_registry" name="test_registry_rejects_a_topic_body_owned_by_the_wrong_family_module" time="0.036" /><testcase classname="tests.test_catalogue_registry" name="test_original_body_values_retain_every_pre_cutover_sha256" time="0.001" /><testcase classname="tests.test_catalogue_registry" name="test_registry_rejects_duplicate_topic_ids_across_modules" time="0.000" /><testcase classname="tests.test_catalogue_registry" name="test_registry_rejects_malformed_topic_ids[fep-1]" time="0.001" /><testcase classname="tests.test_catalogue_registry" name="test_registry_rejects_malformed_topic_ids[FEP-001]" time="0.000" /><testcase classname="tests.test_catalogue_registry" name="test_registry_rejects_malformed_topic_ids[fep-0001]" time="0.000" /><testcase classname="tests.test_catalogue_registry" name="test_registry_rejects_malformed_topic_ids[other-001]" time="0.000" /><testcase classname="tests.test_catalogue_registry" name="test_registry_rejects_wrong_namespace_and_duplicate_declarations" time="0.000" /><testcase classname="tests.test_catalogue_registry" name="test_registry_ignores_comment_and_string_only_lean_commands" time="0.001" /><testcase classname="tests.test_catalogue_registry" name="test_lean_source_normalization_is_offset_preserving_and_import_safe" time="0.001" /><testcase classname="tests.test_catalogue_registry" name="test_body_roster_join_rejects_missing_extra_and_reordered_ids" time="0.000" /><testcase classname="tests.test_catalogue_registry" name="test_metadata_roster_seal_rejects_row_drift[missing]" time="0.096" /><testcase classname="tests.test_catalogue_registry" name="test_metadata_roster_seal_rejects_row_drift[extra]" time="0.096" /><testcase classname="tests.test_catalogue_registry" name="test_metadata_roster_seal_rejects_row_drift[reordered]" time="0.095" /><testcase classname="tests.test_catalogue_registry" name="test_metadata_roster_seal_rejects_row_drift[malformed]" time="0.100" /><testcase classname="tests.test_catalogue_registry" name="test_latex_registry_is_qualified_complete_and_fully_consumed" time="0.000" /><testcase classname="tests.test_catalogue_registry_ssot" name="test_yaml_lean_body_matches_registry_exactly" time="0.357" /><testcase classname="tests.test_catalogue_registry_ssot" name="test_yaml_latex_equations_matches_qualified_registry" time="0.363" /><testcase classname="tests.test_causal_predictive_formalisms" name="test_slice04_body_modules_own_one_exact_ordered_roster" time="0.000" /><testcase classname="tests.test_causal_predictive_formalisms" name="test_slice04_body_module_has_no_competing_mapping_alias[causal_blankets_interventions]" time="0.001" /><testcase classname="tests.test_causal_predictive_formalisms" name="test_slice04_body_module_has_no_competing_mapping_alias[predictive_coding_generalized]" time="0.001" /><testcase classname="tests.test_causal_predictive_formalisms" name="test_slice04_bodies_are_standalone_scoped_sources[fep-079-import FepSketches.causal_dynamics\n\nnamespace FEP079\n\nopen FEP FEP.CausalDynamics FEP.FiniteInformation FEP.MarkovBlanket\n\nvariable {Blanket Internal External Sensory Active : Type*}\n  [Fintype Blanket] [Fintype Internal] [Fintype External]\n  [Fintype Sensory] [Fintype Active]\n\n/-- Under full blanket support, vanishing finite conditional mutual information\nis equivalent to pointwise internal-external conditional factorization. -/\ntheorem fep079_blanketFactorization_iff_conditionalMutualInformation_zero\n    (model : ConditionalBlanketModel Blanket Internal External)\n    (hBlanket : \u2200 blanket, 0 &lt; model.blanketLaw blanket) :\n    conditionalMutualInformation model = 0 \u2194 Factorizes model :=\n  conditionalMutualInformation_eq_zero_iff_factorizes model hBlanket\n\n/-- A constructed static Markov-blanket model has zero conditional mutual\ninformation even if some blanket values have zero probability. -/\ntheorem fep079_staticBlanket_conditionalMutualInformation_zero\n    (model : StaticModel Internal Sensory Active External) :\n    conditionalMutualInformation (ofStaticModel model) = 0 :=\n  ofStaticModel_conditionalMutualInformation_zero model\n\nend FEP079\n]" time="0.001" /><testcase classname="tests.test_causal_predictive_formalisms" name="test_slice04_bodies_are_standalone_scoped_sources[fep-080-import FepSketches.causal_dynamics\n\nnamespace FEP080\n\nopen FEP FEP.CausalDynamics\n\nvariable {Input Output : Type*} [Fintype Input] [Fintype Output]\n\n/-- Convex mixing commutes with formation of a joint law whenever both\ncomponents share the same conditional kernel. -/\ntheorem fep080_sharedConditional_mixture_preservation\n    (weight : \u211d) (hWeightNonneg : 0 \u2264 weight)\n    (hWeightLeOne : weight \u2264 1)\n    (left right : FiniteLaw Input) (kernel : FiniteKernel Input Output) :\n    kernel.joint (mixLaw weight hWeightNonneg hWeightLeOne left right) =\n      mixLaw weight hWeightNonneg hWeightLeOne\n        (kernel.joint left) (kernel.joint right) :=\n  sharedConditional_mixture_preserves_joint\n    weight hWeightNonneg hWeightLeOne left right kernel\n\n/-- The half-mixture witness puts positive, unequal-component mass on both\nBoolean atoms. -/\ntheorem fep080_boolHalfMixture_nonvacuity :\n    boolHalfMixture false = 1 / 2 \u2227 boolHalfMixture true = 1 / 2 :=\n  \u27e8boolHalfMixture_false, boolHalfMixture_true\u27e9\n\nend FEP080\n]" time="0.000" /><testcase classname="tests.test_causal_predictive_formalisms" name="test_slice04_bodies_are_standalone_scoped_sources[fep-081-import FepSketches.causal_dynamics\n\nnamespace FEP081\n\nopen FEP FEP.CausalDynamics FEP.FiniteInformation FEP.MarkovBlanket\n\nvariable {Blanket\u2081 Blanket\u2082 Internal\u2081 Internal\u2082 External\u2081 External\u2082 : Type*}\n  [Fintype Blanket\u2081] [Fintype Blanket\u2082]\n  [Fintype Internal\u2081] [Fintype Internal\u2082]\n  [Fintype External\u2081] [Fintype External\u2082]\n\n/-- Two subsystems may have an arbitrarily coupled joint blanket law while\ntheir paired internal and external rows retain zero conditional mutual\ninformation. -/\ntheorem fep081_coupledSubsystem_blanketComposition\n    (blanketLaw : FiniteLaw (Blanket\u2081 \xd7 Blanket\u2082))\n    (internal\u2081 : FiniteKernel Blanket\u2081 Internal\u2081)\n    (internal\u2082 : FiniteKernel Blanket\u2082 Internal\u2082)\n    (external\u2081 : FiniteKernel Blanket\u2081 External\u2081)\n    (external\u2082 : FiniteKernel Blanket\u2082 External\u2082)\n    (blanket : Blanket\u2081 \xd7 Blanket\u2082) :\n    mutualInformation\n        (conditionalJoint\n          (coupledBlanketModel blanketLaw internal\u2081 internal\u2082 external\u2081 external\u2082)\n          blanket) = 0 :=\n  coupledBlanket_conditionalMutualInformation_zero\n    blanketLaw internal\u2081 internal\u2082 external\u2081 external\u2082 blanket\n\n/-- The coupled-blanket carrier admits a non-product-looking diagonal Boolean\nwitness with zero cross mass. -/\ntheorem fep081_correlatedBlanket_nonvacuity :\n    correlatedBoolBlanket (false, false) = 1 / 2 \u2227\n      correlatedBoolBlanket (true, true) = 1 / 2 \u2227\n      0 &lt; mutualInformation correlatedBoolBlanket :=\n  \u27e8correlatedBoolBlanket_diagonal.1,\n    correlatedBoolBlanket_diagonal.2,\n    correlatedBoolBlanket_mutualInformation_pos\u27e9\n\nend FEP081\n]" time="0.000" /><testcase classname="tests.test_causal_predictive_formalisms" name="test_slice04_bodies_are_standalone_scoped_sources[fep-082-import FepSketches.causal_dynamics\n\nnamespace FEP082\n\nopen FEP FEP.CausalDynamics Finset\nopen scoped BigOperators\n\nvariable {Context Value : Type*} [Fintype Context] [Fintype Value]\n  [DecidableEq Value]\n\n/-- Every hard finite intervention kernel is normalized in every context. -/\ntheorem fep082_interventionKernel_normalization\n    (chosen : Value) (context : Context) :\n    \u2211 value, interventionKernel (Context := Context) chosen context value = 1 :=\n  interventionKernel_sum_one chosen context\n\n/-- The hard intervention gives its chosen value unit mass. -/\ntheorem fep082_interventionKernel_chosen_mass\n    (chosen : Value) (context : Context) :\n    interventionKernel (Context := Context) chosen context chosen = 1 :=\n  interventionKernel_chosen chosen context\n\n/-- Every distinct value receives zero intervention mass. -/\ntheorem fep082_interventionKernel_other_mass\n    (chosen other : Value) (hOther : other \u2260 chosen) (context : Context) :\n    interventionKernel (Context := Context) chosen context other = 0 :=\n  interventionKernel_other chosen other hOther context\n\nend FEP082\n]" time="0.000" /><testcase classname="tests.test_causal_predictive_formalisms" name="test_slice04_bodies_are_standalone_scoped_sources[fep-083-import FepSketches.causal_dynamics\n\nnamespace FEP083\n\nopen FEP FEP.CausalDynamics\n\nvariable {Root NonDescendant Mediator Outcome : Type*}\n  [Fintype Root] [Fintype NonDescendant]\n  [Fintype Mediator] [Fintype Outcome] [DecidableEq Root]\n\n/-- Intervening on the ordered root preserves the marginal law of the named\nnon-descendant. -/\ntheorem fep083_nonDescendant_intervention_invariance\n    (model : OrderedFourNodeModel Root NonDescendant Mediator Outcome)\n    (root : Root) :\n    nonDescendantMarginal (interventionalJoint model root) =\n      model.nonDescendantLaw :=\n  nonDescendant_intervention_invariant model root\n\n/-- In the concrete four-node model the intervention changes the mediator\ndescendant from zero to unit true-mass while preserving the non-descendant. -/\ntheorem fep083_fourNode_descendantChange_nonDescendantPreservation :\n    mediatorMarginal (interventionalJoint boolOrderedModel false) true = 0 \u2227\n      mediatorMarginal (interventionalJoint boolOrderedModel true) true = 1 \u2227\n      nonDescendantMarginal (interventionalJoint boolOrderedModel false) =\n        nonDescendantMarginal (interventionalJoint boolOrderedModel true) :=\n  \u27e8boolIntervention_false_mediator_true_zero,\n    boolIntervention_true_mediator_true_one,\n    boolIntervention_preserves_named_nonDescendant\u27e9\n\nend FEP083\n]" time="0.000" /><testcase classname="tests.test_causal_predictive_formalisms" name="test_slice04_bodies_are_standalone_scoped_sources[fep-084-import FepSketches.causal_dynamics\n\nnamespace FEP084\n\nopen FEP FEP.CausalDynamics Finset\nopen scoped BigOperators\n\nvariable {Root NonDescendant Mediator Outcome : Type*}\n  [Fintype Root] [Fintype NonDescendant]\n  [Fintype Mediator] [Fintype Outcome]\n\n/-- The four-node observational law is exactly the product of its two root\nlaws and its two ordered parent kernels. -/\ntheorem fep084_orderedFiniteCausal_factorization\n    (model : OrderedFourNodeModel Root NonDescendant Mediator Outcome)\n    (root : Root) (nonDescendant : NonDescendant)\n    (mediator : Mediator) (outcome : Outcome) :\n    orderedJoint model (((root, nonDescendant), mediator), outcome) =\n      ((model.rootLaw root * model.nonDescendantLaw nonDescendant) *\n          model.mediatorGivenRoot root mediator) *\n        model.outcomeGivenParents (nonDescendant, mediator) outcome :=\n  orderedJoint_factorization model root nonDescendant mediator outcome\n\n/-- The ordered factorization is a normalized joint law. -/\ntheorem fep084_orderedFiniteCausal_normalization\n    (model : OrderedFourNodeModel Root NonDescendant Mediator Outcome) :\n    \u2211 state, orderedJoint model state = 1 :=\n  orderedJoint_sum_one model\n\nend FEP084\n]" time="0.000" /><testcase classname="tests.test_causal_predictive_formalisms" name="test_slice04_bodies_are_standalone_scoped_sources[fep-085-import FepSketches.causal_dynamics\n\nnamespace FEP085\n\nopen FEP FEP.CausalDynamics FEP.FiniteInformation\n\nvariable {Root NonDescendant Mediator Outcome : Type*}\n  [Fintype Root] [Fintype NonDescendant]\n  [Fintype Mediator] [Fintype Outcome]\n\n/-- In the maintained ordered carrier, the outcome and non-parent predecessor\nroot factorize after fixing the outcome's non-descendant and mediator parents. -/\ntheorem fep085_localMarkov_factorization_from_ordered\n    (model : OrderedFourNodeModel Root NonDescendant Mediator Outcome)\n    (nonDescendant : NonDescendant) (mediator : Mediator)\n    (hEvidence : 0 &lt; mediatorEvidence model mediator) :\n    localMarkovConditional model nonDescendant mediator hEvidence =\n      (model.mediatorGivenRoot.posterior model.rootLaw mediator hEvidence).product\n        (model.outcomeGivenParents.row (nonDescendant, mediator)) :=\n  localMarkov_factorization_from_ordered\n    model nonDescendant mediator hEvidence\n\n/-- The exact local product law has zero finite mutual information.  This is a\nlocal Markov statement for the four-node carrier, not general d-separation. -/\ntheorem fep085_localMarkov_mutualInformation_zero\n    (model : OrderedFourNodeModel Root NonDescendant Mediator Outcome)\n    (nonDescendant : NonDescendant) (mediator : Mediator)\n    (hEvidence : 0 &lt; mediatorEvidence model mediator) :\n    mutualInformation\n        (localMarkovConditional model nonDescendant mediator hEvidence) = 0 :=\n  localMarkov_mutualInformation_zero model nonDescendant mediator hEvidence\n\n/-- The Boolean local-Markov theorem conditions on a positive half-mass\nmediator event, providing a concrete nonvacuity witness. -/\ntheorem fep085_bool_localMarkov_nonvacuity :\n    mutualInformation\n        (localMarkovConditional boolOrderedModel false true\n          (by rw [boolMediatorEvidence_true]; norm_num)) = 0 :=\n  localMarkov_mutualInformation_zero boolOrderedModel false true\n    (by rw [boolMediatorEvidence_true]; norm_num)\n\n/-- Zero mediator evidence is the explicit conditioning boundary. -/\ntheorem fep085_zeroEvidence_boundary\n    (model : OrderedFourNodeModel Root NonDescendant Mediator Outcome)\n    (mediator : Mediator) (hZero : mediatorEvidence model mediator = 0) :\n    \xac0 &lt; mediatorEvidence model mediator :=\n  localMarkov_zeroEvidence_boundary model mediator hZero\n\nend FEP085\n]" time="0.000" /><testcase classname="tests.test_causal_predictive_formalisms" name="test_slice04_bodies_are_standalone_scoped_sources[fep-086-import FepSketches.predictive_coding\n\nnamespace FEP086\n\nopen FEP.PredictiveCoding\n\n/-- Nonnegative precision produces nonnegative squared prediction-error\nenergy. -/\ntheorem fep086_precisionWeighted_predictionError_nonnegative\n    {precision : \u211d} (hPrecision : 0 \u2264 precision)\n    (observation estimate : \u211d) :\n    0 \u2264 precisionEnergy precision observation estimate :=\n  precisionEnergy_nonneg hPrecision observation estimate\n\n/-- At positive precision, zero energy occurs exactly at an exact prediction. -/\ntheorem fep086_precisionWeighted_zero_iff_exactPrediction\n    {precision : \u211d} (hPrecision : 0 &lt; precision)\n    (observation estimate : \u211d) :\n    precisionEnergy precision observation estimate = 0 \u2194\n      estimate = observation :=\n  precisionEnergy_eq_zero_iff hPrecision observation estimate\n\n/-- Unit prediction error at precision two has exactly unit energy. -/\ntheorem fep086_unitError_nonvacuity : precisionEnergy 2 1 0 = 1 := by\n  norm_num [precisionEnergy, predictionError]\n\nend FEP086\n]" time="0.000" /><testcase classname="tests.test_causal_predictive_formalisms" name="test_slice04_bodies_are_standalone_scoped_sources[fep-087-import FepSketches.predictive_coding\n\nnamespace FEP087\n\nopen FEP.PredictiveCoding Finset\nopen scoped BigOperators\n\n/-- A finite successor hierarchy splits into the zeroth prediction-error\nenergy and the sum over all higher levels. -/\ntheorem fep087_hierarchicalPredictiveCoding_decomposition {depth : \u2115}\n    (precision error : Fin (depth + 1) \u2192 \u211d) :\n    hierarchicalEnergy precision error =\n      precision 0 / 2 * error 0 ^ 2 +\n        \u2211 level : Fin depth,\n          precision level.succ / 2 * error level.succ ^ 2 :=\n  hierarchicalEnergy_succ precision error\n\n/-- Nonnegative precision at every hierarchy level makes the total energy\nnonnegative. -/\ntheorem fep087_hierarchicalPredictiveCoding_nonnegative\n    {Level : Type*} [Fintype Level]\n    (precision error : Level \u2192 \u211d)\n    (hPrecision : \u2200 level, 0 \u2264 precision level) :\n    0 \u2264 hierarchicalEnergy precision error :=\n  hierarchicalEnergy_nonneg precision error hPrecision\n\n/-- Both levels contribute in the concrete energy value eleven. -/\ntheorem fep087_twoLevel_decomposition_nonvacuity :\n    hierarchicalEnergy\n      (fun level : Fin 2 =&gt; if level = 0 then 2 else 4)\n      (fun level : Fin 2 =&gt; if level = 0 then 3 else 1) = 11 :=\n  twoLevelEnergy_witness\n\nend FEP087\n]" time="0.000" /><testcase classname="tests.test_causal_predictive_formalisms" name="test_slice04_bodies_are_standalone_scoped_sources[fep-088-import FepSketches.predictive_coding\n\nnamespace FEP088\n\nopen FEP.PredictiveCoding\n\n/-- The estimate derivative of precision-weighted error energy is exactly\nminus precision times signed prediction error. -/\ntheorem fep088_predictionError_gradient_identity\n    (precision observation estimate : \u211d) :\n    HasDerivAt (fun candidate =&gt; precisionEnergy precision observation candidate)\n      (-precision * predictionError observation estimate) estimate :=\n  precisionEnergy_hasDerivAt precision observation estimate\n\n/-- The named prediction-error gradient is definitionally the derivative\ncertified above. -/\ntheorem fep088_namedGradient_hasDerivAt\n    (precision observation estimate : \u211d) :\n    HasDerivAt (fun candidate =&gt; precisionEnergy precision observation candidate)\n      (precisionEnergyGradient precision observation estimate) estimate :=\n  precisionEnergy_derivative_eq_gradient precision observation estimate\n\n/-- The gradient is nonzero for a concrete imperfect prediction. -/\ntheorem fep088_gradient_nonvacuity :\n    precisionEnergyGradient 2 1 0 = -2 := by\n  norm_num [precisionEnergyGradient, predictionError]\n\nend FEP088\n]" time="0.000" /><testcase classname="tests.test_causal_predictive_formalisms" name="test_slice04_bodies_are_standalone_scoped_sources[fep-089-import FepSketches.predictive_coding\n\nnamespace FEP089\n\nopen FEP.PredictiveCoding\n\n/-- Generalized-coordinate shifts form a natural-number semigroup. -/\ntheorem fep089_finiteJet_shift_semigroup {order : \u2115}\n    (first second : \u2115) (jet : FiniteJet order) :\n    shift (first + second) jet = shift first (shift second jet) :=\n  shift_add first second jet\n\n/-- The highest retained coordinate shifts into the explicitly truncated zero\ncoefficient. -/\ntheorem fep089_finiteJet_terminal_boundary {order : \u2115}\n    (jet : FiniteJet order) :\n    (shift 1 jet).coefficient order = 0 :=\n  shift_top_zero jet\n\n/-- A first-order jet shifts velocity into position and exposes zero at its\nterminal coordinate. -/\ntheorem fep089_firstOrder_shift_nonvacuity (value velocity : \u211d) :\n    (shift 1 (firstOrderJet value velocity)).coefficient 0 = velocity \u2227\n      (shift 1 (firstOrderJet value velocity)).coefficient 1 = 0 :=\n  firstOrderJet_shift_boundary value velocity\n\nend FEP089\n]" time="0.000" /><testcase classname="tests.test_causal_predictive_formalisms" name="test_slice04_bodies_are_standalone_scoped_sources[fep-090-import FepSketches.predictive_coding\n\nnamespace FEP090\n\nopen FEP.PredictiveCoding\n\n/-- One generalized-filtering Euler correction is the current jet plus step\nsize times truncated shift minus the certified quadratic energy gradient. -/\ntheorem fep090_finiteJet_generalizedFiltering_correctionEquation\n    {order : \u2115} (stepSize : \u211d) (precision : \u2115 \u2192 \u211d)\n    (target estimate : FiniteJet order) (degree : \u2115) :\n    (generalizedFilteringStep stepSize precision target estimate).coefficient degree =\n      estimate.coefficient degree + stepSize *\n        ((shift 1 estimate).coefficient degree -\n          precisionEnergyGradient (precision degree)\n            (target.coefficient degree) (estimate.coefficient degree)) :=\n  generalizedFilteringStep_equation stepSize precision target estimate degree\n\n/-- The correction's pointwise gradient is backed by an exact derivative\nstatement rather than a symbolic placeholder. -/\ntheorem fep090_finiteJet_coordinateGradient_hasDerivAt\n    {order : \u2115} (precision : \u2115 \u2192 \u211d)\n    (target estimate : FiniteJet order) (degree : \u2115) :\n    HasDerivAt\n      (fun candidate =&gt;\n        precisionEnergy (precision degree) (target.coefficient degree) candidate)\n      (precisionEnergyGradient (precision degree)\n        (target.coefficient degree) (estimate.coefficient degree))\n      (estimate.coefficient degree) :=\n  generalizedCoordinateEnergy_hasDerivAt precision target estimate degree\n\n/-- At the top finite coordinate the shift term is exactly absent. -/\ntheorem fep090_finiteJet_truncation_visible\n    {order : \u2115} (precision : \u2115 \u2192 \u211d)\n    (target estimate : FiniteJet order) :\n    (generalizedFlow precision target estimate).coefficient order =\n      -precisionEnergyGradient (precision order)\n        (target.coefficient order) (estimate.coefficient order) :=\n  generalizedFlow_top_boundary precision target estimate\n\n/-- Both coordinates of a concrete first-order jet receive nonzero, exact\ncorrections. -/\ntheorem fep090_firstOrder_correction_nonvacuity :\n    let corrected := generalizedFilteringStep (1 / 2 : \u211d) (fun _ =&gt; 1)\n      (firstOrderJet 2 0) (firstOrderJet 0 1)\n    corrected.coefficient 0 = 3 / 2 \u2227 corrected.coefficient 1 = 1 / 2 :=\n  firstOrderCorrection_witness\n\nend FEP090\n]" time="0.000" /><testcase classname="tests.test_causal_predictive_formalisms" name="test_slice04_bodies_are_standalone_scoped_sources[fep-091-import FepSketches.predictive_coding\n\nnamespace FEP091\n\nopen FEP.PredictiveCoding\n\n/-- Greater precision cannot lower the energy of a fixed prediction error. -/\ntheorem fep091_precisionModulation_energy_mono\n    {lower upper : \u211d} (hLowerNonneg : 0 \u2264 lower)\n    (hPrecision : lower \u2264 upper)\n    (observation estimate : \u211d) :\n    0 \u2264 precisionEnergy lower observation estimate \u2227\n      precisionEnergy lower observation estimate \u2264\n        precisionEnergy upper observation estimate :=\n  precisionEnergy_mono hLowerNonneg hPrecision observation estimate\n\n/-- Scaling precision scales the exact prediction-error gradient by the same\nfactor. -/\ntheorem fep091_precisionModulation_gradient_scale\n    (scale precision observation estimate : \u211d) :\n    precisionEnergyGradient (scale * precision) observation estimate =\n      scale * precisionEnergyGradient precision observation estimate :=\n  precisionGradient_scale scale precision observation estimate\n\n/-- Doubling precision strictly increases the energy of one concrete nonzero\nerror. -/\ntheorem fep091_doubledPrecision_nonvacuity :\n    precisionEnergy 2 1 0 = 2 * precisionEnergy 1 1 0 \u2227\n      precisionEnergy 1 1 0 &lt; precisionEnergy 2 1 0 :=\n  doubledPrecision_nontrivial_witness\n\nend FEP091\n]" time="0.000" /><testcase classname="tests.test_causal_predictive_formalisms" name="test_slice04_bodies_are_standalone_scoped_sources[fep-092-import FepSketches.predictive_coding\n\nnamespace FEP092\n\nopen FEP.PredictiveCoding Filter Topology\n\n/-- Each quadratic prediction update contracts energy by the exact squared\nfactor `(1-stepSize)^2`. -/\ntheorem fep092_quadraticPredictiveCoding_contraction\n    (precision stepSize target estimate : \u211d) :\n    precisionEnergy precision target\n        (predictionUpdate stepSize target estimate) =\n      (1 - stepSize) ^ 2 * precisionEnergy precision target estimate :=\n  predictionEnergy_contraction precision stepSize target estimate\n\n/-- Positive precision and a nonzero error give strict descent for every step\nsize strictly between zero and two. -/\ntheorem fep092_quadraticPredictiveCoding_strictDecrease\n    {precision stepSize target estimate : \u211d}\n    (hPrecision : 0 &lt; precision) (hStepPositive : 0 &lt; stepSize)\n    (hStepBelowTwo : stepSize &lt; 2) (hError : target \u2260 estimate) :\n    precisionEnergy precision target (predictionUpdate stepSize target estimate) &lt;\n      precisionEnergy precision target estimate :=\n  predictionEnergy_strictDecrease hPrecision hStepPositive hStepBelowTwo hError\n\n/-- Under the same step-size boundary, repeated exact prediction error\nconverges to zero. -/\ntheorem fep092_quadraticPredictiveCoding_error_tendsto_zero\n    {stepSize : \u211d} (hStepPositive : 0 &lt; stepSize)\n    (hStepBelowTwo : stepSize &lt; 2) (target estimate : \u211d) :\n    Tendsto\n      (fun iterations =&gt; predictionError target\n        (iteratePredictionUpdate stepSize target iterations estimate))\n      atTop (nhds 0) :=\n  iteratePredictionError_tendsto_zero\n    hStepPositive hStepBelowTwo target estimate\n\n/-- A half-step reduces a concrete unit energy to one quarter. -/\ntheorem fep092_halfStep_decrease_nonvacuity :\n    precisionEnergy 2 1 0 = 1 \u2227\n      predictionUpdate (1 / 2) 1 0 = 1 / 2 \u2227\n      precisionEnergy 2 1 (predictionUpdate (1 / 2) 1 0) = 1 / 4 :=\n  halfStep_energy_witness\n\nend FEP092\n]" time="0.001" /><testcase classname="tests.test_causal_predictive_formalisms" name="test_slice04_foundations_expose_exact_witness_contracts[causal_dynamics.lean-declarations0]" time="0.002" /><testcase classname="tests.test_causal_predictive_formalisms" name="test_slice04_foundations_expose_exact_witness_contracts[predictive_coding.lean-declarations1]" time="0.002" /><testcase classname="tests.test_causal_predictive_formalisms" name="test_local_markov_topic_keeps_scope_and_boundary_visible" time="0.000" /><testcase classname="tests.test_causal_predictive_formalisms" name="test_four_node_intervention_witness_changes_only_named_descendant_claim" time="0.000" /><testcase classname="tests.test_causal_predictive_formalisms" name="test_finite_jet_topic_exposes_derivative_shift_and_truncation" time="0.000" /><testcase classname="tests.test_causal_predictive_formalisms" name="test_quadratic_convergence_keeps_exact_stability_interval_visible" time="0.000" /><testcase classname="tests.test_causal_predictive_formalisms" name="test_slice04_foundations_compile_warning_free[causal_dynamics.lean]" time="4.513" /><testcase classname="tests.test_causal_predictive_formalisms" name="test_slice04_foundations_compile_warning_free[predictive_coding.lean]" time="4.468" /><testcase classname="tests.test_causal_predictive_formalisms" name="test_slice04_topic_bodies_compile_warning_free[fep-079-import FepSketches.causal_dynamics\n\nnamespace FEP079\n\nopen FEP FEP.CausalDynamics FEP.FiniteInformation FEP.MarkovBlanket\n\nvariable {Blanket Internal External Sensory Active : Type*}\n  [Fintype Blanket] [Fintype Internal] [Fintype External]\n  [Fintype Sensory] [Fintype Active]\n\n/-- Under full blanket support, vanishing finite conditional mutual information\nis equivalent to pointwise internal-external conditional factorization. -/\ntheorem fep079_blanketFactorization_iff_conditionalMutualInformation_zero\n    (model : ConditionalBlanketModel Blanket Internal External)\n    (hBlanket : \u2200 blanket, 0 &lt; model.blanketLaw blanket) :\n    conditionalMutualInformation model = 0 \u2194 Factorizes model :=\n  conditionalMutualInformation_eq_zero_iff_factorizes model hBlanket\n\n/-- A constructed static Markov-blanket model has zero conditional mutual\ninformation even if some blanket values have zero probability. -/\ntheorem fep079_staticBlanket_conditionalMutualInformation_zero\n    (model : StaticModel Internal Sensory Active External) :\n    conditionalMutualInformation (ofStaticModel model) = 0 :=\n  ofStaticModel_conditionalMutualInformation_zero model\n\nend FEP079\n]" time="4.548" /><testcase classname="tests.test_causal_predictive_formalisms" name="test_slice04_topic_bodies_compile_warning_free[fep-080-import FepSketches.causal_dynamics\n\nnamespace FEP080\n\nopen FEP FEP.CausalDynamics\n\nvariable {Input Output : Type*} [Fintype Input] [Fintype Output]\n\n/-- Convex mixing commutes with formation of a joint law whenever both\ncomponents share the same conditional kernel. -/\ntheorem fep080_sharedConditional_mixture_preservation\n    (weight : \u211d) (hWeightNonneg : 0 \u2264 weight)\n    (hWeightLeOne : weight \u2264 1)\n    (left right : FiniteLaw Input) (kernel : FiniteKernel Input Output) :\n    kernel.joint (mixLaw weight hWeightNonneg hWeightLeOne left right) =\n      mixLaw weight hWeightNonneg hWeightLeOne\n        (kernel.joint left) (kernel.joint right) :=\n  sharedConditional_mixture_preserves_joint\n    weight hWeightNonneg hWeightLeOne left right kernel\n\n/-- The half-mixture witness puts positive, unequal-component mass on both\nBoolean atoms. -/\ntheorem fep080_boolHalfMixture_nonvacuity :\n    boolHalfMixture false = 1 / 2 \u2227 boolHalfMixture true = 1 / 2 :=\n  \u27e8boolHalfMixture_false, boolHalfMixture_true\u27e9\n\nend FEP080\n]" time="4.565" /><testcase classname="tests.test_causal_predictive_formalisms" name="test_slice04_topic_bodies_compile_warning_free[fep-081-import FepSketches.causal_dynamics\n\nnamespace FEP081\n\nopen FEP FEP.CausalDynamics FEP.FiniteInformation FEP.MarkovBlanket\n\nvariable {Blanket\u2081 Blanket\u2082 Internal\u2081 Internal\u2082 External\u2081 External\u2082 : Type*}\n  [Fintype Blanket\u2081] [Fintype Blanket\u2082]\n  [Fintype Internal\u2081] [Fintype Internal\u2082]\n  [Fintype External\u2081] [Fintype External\u2082]\n\n/-- Two subsystems may have an arbitrarily coupled joint blanket law while\ntheir paired internal and external rows retain zero conditional mutual\ninformation. -/\ntheorem fep081_coupledSubsystem_blanketComposition\n    (blanketLaw : FiniteLaw (Blanket\u2081 \xd7 Blanket\u2082))\n    (internal\u2081 : FiniteKernel Blanket\u2081 Internal\u2081)\n    (internal\u2082 : FiniteKernel Blanket\u2082 Internal\u2082)\n    (external\u2081 : FiniteKernel Blanket\u2081 External\u2081)\n    (external\u2082 : FiniteKernel Blanket\u2082 External\u2082)\n    (blanket : Blanket\u2081 \xd7 Blanket\u2082) :\n    mutualInformation\n        (conditionalJoint\n          (coupledBlanketModel blanketLaw internal\u2081 internal\u2082 external\u2081 external\u2082)\n          blanket) = 0 :=\n  coupledBlanket_conditionalMutualInformation_zero\n    blanketLaw internal\u2081 internal\u2082 external\u2081 external\u2082 blanket\n\n/-- The coupled-blanket carrier admits a non-product-looking diagonal Boolean\nwitness with zero cross mass. -/\ntheorem fep081_correlatedBlanket_nonvacuity :\n    correlatedBoolBlanket (false, false) = 1 / 2 \u2227\n      correlatedBoolBlanket (true, true) = 1 / 2 \u2227\n      0 &lt; mutualInformation correlatedBoolBlanket :=\n  \u27e8correlatedBoolBlanket_diagonal.1,\n    correlatedBoolBlanket_diagonal.2,\n    correlatedBoolBlanket_mutualInformation_pos\u27e9\n\nend FEP081\n]" time="4.602" /><testcase classname="tests.test_causal_predictive_formalisms" name="test_slice04_topic_bodies_compile_warning_free[fep-082-import FepSketches.causal_dynamics\n\nnamespace FEP082\n\nopen FEP FEP.CausalDynamics Finset\nopen scoped BigOperators\n\nvariable {Context Value : Type*} [Fintype Context] [Fintype Value]\n  [DecidableEq Value]\n\n/-- Every hard finite intervention kernel is normalized in every context. -/\ntheorem fep082_interventionKernel_normalization\n    (chosen : Value) (context : Context) :\n    \u2211 value, interventionKernel (Context := Context) chosen context value = 1 :=\n  interventionKernel_sum_one chosen context\n\n/-- The hard intervention gives its chosen value unit mass. -/\ntheorem fep082_interventionKernel_chosen_mass\n    (chosen : Value) (context : Context) :\n    interventionKernel (Context := Context) chosen context chosen = 1 :=\n  interventionKernel_chosen chosen context\n\n/-- Every distinct value receives zero intervention mass. -/\ntheorem fep082_interventionKernel_other_mass\n    (chosen other : Value) (hOther : other \u2260 chosen) (context : Context) :\n    interventionKernel (Context := Context) chosen context other = 0 :=\n  interventionKernel_other chosen other hOther context\n\nend FEP082\n]" time="4.644" /><testcase classname="tests.test_causal_predictive_formalisms" name="test_slice04_topic_bodies_compile_warning_free[fep-083-import FepSketches.causal_dynamics\n\nnamespace FEP083\n\nopen FEP FEP.CausalDynamics\n\nvariable {Root NonDescendant Mediator Outcome : Type*}\n  [Fintype Root] [Fintype NonDescendant]\n  [Fintype Mediator] [Fintype Outcome] [DecidableEq Root]\n\n/-- Intervening on the ordered root preserves the marginal law of the named\nnon-descendant. -/\ntheorem fep083_nonDescendant_intervention_invariance\n    (model : OrderedFourNodeModel Root NonDescendant Mediator Outcome)\n    (root : Root) :\n    nonDescendantMarginal (interventionalJoint model root) =\n      model.nonDescendantLaw :=\n  nonDescendant_intervention_invariant model root\n\n/-- In the concrete four-node model the intervention changes the mediator\ndescendant from zero to unit true-mass while preserving the non-descendant. -/\ntheorem fep083_fourNode_descendantChange_nonDescendantPreservation :\n    mediatorMarginal (interventionalJoint boolOrderedModel false) true = 0 \u2227\n      mediatorMarginal (interventionalJoint boolOrderedModel true) true = 1 \u2227\n      nonDescendantMarginal (interventionalJoint boolOrderedModel false) =\n        nonDescendantMarginal (interventionalJoint boolOrderedModel true) :=\n  \u27e8boolIntervention_false_mediator_true_zero,\n    boolIntervention_true_mediator_true_one,\n    boolIntervention_preserves_named_nonDescendant\u27e9\n\nend FEP083\n]" time="4.715" /><testcase classname="tests.test_causal_predictive_formalisms" name="test_slice04_topic_bodies_compile_warning_free[fep-084-import FepSketches.causal_dynamics\n\nnamespace FEP084\n\nopen FEP FEP.CausalDynamics Finset\nopen scoped BigOperators\n\nvariable {Root NonDescendant Mediator Outcome : Type*}\n  [Fintype Root] [Fintype NonDescendant]\n  [Fintype Mediator] [Fintype Outcome]\n\n/-- The four-node observational law is exactly the product of its two root\nlaws and its two ordered parent kernels. -/\ntheorem fep084_orderedFiniteCausal_factorization\n    (model : OrderedFourNodeModel Root NonDescendant Mediator Outcome)\n    (root : Root) (nonDescendant : NonDescendant)\n    (mediator : Mediator) (outcome : Outcome) :\n    orderedJoint model (((root, nonDescendant), mediator), outcome) =\n      ((model.rootLaw root * model.nonDescendantLaw nonDescendant) *\n          model.mediatorGivenRoot root mediator) *\n        model.outcomeGivenParents (nonDescendant, mediator) outcome :=\n  orderedJoint_factorization model root nonDescendant mediator outcome\n\n/-- The ordered factorization is a normalized joint law. -/\ntheorem fep084_orderedFiniteCausal_normalization\n    (model : OrderedFourNodeModel Root NonDescendant Mediator Outcome) :\n    \u2211 state, orderedJoint model state = 1 :=\n  orderedJoint_sum_one model\n\nend FEP084\n]" time="4.599" /><testcase classname="tests.test_causal_predictive_formalisms" name="test_slice04_topic_bodies_compile_warning_free[fep-085-import FepSketches.causal_dynamics\n\nnamespace FEP085\n\nopen FEP FEP.CausalDynamics FEP.FiniteInformation\n\nvariable {Root NonDescendant Mediator Outcome : Type*}\n  [Fintype Root] [Fintype NonDescendant]\n  [Fintype Mediator] [Fintype Outcome]\n\n/-- In the maintained ordered carrier, the outcome and non-parent predecessor\nroot factorize after fixing the outcome's non-descendant and mediator parents. -/\ntheorem fep085_localMarkov_factorization_from_ordered\n    (model : OrderedFourNodeModel Root NonDescendant Mediator Outcome)\n    (nonDescendant : NonDescendant) (mediator : Mediator)\n    (hEvidence : 0 &lt; mediatorEvidence model mediator) :\n    localMarkovConditional model nonDescendant mediator hEvidence =\n      (model.mediatorGivenRoot.posterior model.rootLaw mediator hEvidence).product\n        (model.outcomeGivenParents.row (nonDescendant, mediator)) :=\n  localMarkov_factorization_from_ordered\n    model nonDescendant mediator hEvidence\n\n/-- The exact local product law has zero finite mutual information.  This is a\nlocal Markov statement for the four-node carrier, not general d-separation. -/\ntheorem fep085_localMarkov_mutualInformation_zero\n    (model : OrderedFourNodeModel Root NonDescendant Mediator Outcome)\n    (nonDescendant : NonDescendant) (mediator : Mediator)\n    (hEvidence : 0 &lt; mediatorEvidence model mediator) :\n    mutualInformation\n        (localMarkovConditional model nonDescendant mediator hEvidence) = 0 :=\n  localMarkov_mutualInformation_zero model nonDescendant mediator hEvidence\n\n/-- The Boolean local-Markov theorem conditions on a positive half-mass\nmediator event, providing a concrete nonvacuity witness. -/\ntheorem fep085_bool_localMarkov_nonvacuity :\n    mutualInformation\n        (localMarkovConditional boolOrderedModel false true\n          (by rw [boolMediatorEvidence_true]; norm_num)) = 0 :=\n  localMarkov_mutualInformation_zero boolOrderedModel false true\n    (by rw [boolMediatorEvidence_true]; norm_num)\n\n/-- Zero mediator evidence is the explicit conditioning boundary. -/\ntheorem fep085_zeroEvidence_boundary\n    (model : OrderedFourNodeModel Root NonDescendant Mediator Outcome)\n    (mediator : Mediator) (hZero : mediatorEvidence model mediator = 0) :\n    \xac0 &lt; mediatorEvidence model mediator :=\n  localMarkov_zeroEvidence_boundary model mediator hZero\n\nend FEP085\n]" time="4.555" /><testcase classname="tests.test_causal_predictive_formalisms" name="test_slice04_topic_bodies_compile_warning_free[fep-086-import FepSketches.predictive_coding\n\nnamespace FEP086\n\nopen FEP.PredictiveCoding\n\n/-- Nonnegative precision produces nonnegative squared prediction-error\nenergy. -/\ntheorem fep086_precisionWeighted_predictionError_nonnegative\n    {precision : \u211d} (hPrecision : 0 \u2264 precision)\n    (observation estimate : \u211d) :\n    0 \u2264 precisionEnergy precision observation estimate :=\n  precisionEnergy_nonneg hPrecision observation estimate\n\n/-- At positive precision, zero energy occurs exactly at an exact prediction. -/\ntheorem fep086_precisionWeighted_zero_iff_exactPrediction\n    {precision : \u211d} (hPrecision : 0 &lt; precision)\n    (observation estimate : \u211d) :\n    precisionEnergy precision observation estimate = 0 \u2194\n      estimate = observation :=\n  precisionEnergy_eq_zero_iff hPrecision observation estimate\n\n/-- Unit prediction error at precision two has exactly unit energy. -/\ntheorem fep086_unitError_nonvacuity : precisionEnergy 2 1 0 = 1 := by\n  norm_num [precisionEnergy, predictionError]\n\nend FEP086\n]" time="4.603" /><testcase classname="tests.test_causal_predictive_formalisms" name="test_slice04_topic_bodies_compile_warning_free[fep-087-import FepSketches.predictive_coding\n\nnamespace FEP087\n\nopen FEP.PredictiveCoding Finset\nopen scoped BigOperators\n\n/-- A finite successor hierarchy splits into the zeroth prediction-error\nenergy and the sum over all higher levels. -/\ntheorem fep087_hierarchicalPredictiveCoding_decomposition {depth : \u2115}\n    (precision error : Fin (depth + 1) \u2192 \u211d) :\n    hierarchicalEnergy precision error =\n      precision 0 / 2 * error 0 ^ 2 +\n        \u2211 level : Fin depth,\n          precision level.succ / 2 * error level.succ ^ 2 :=\n  hierarchicalEnergy_succ precision error\n\n/-- Nonnegative precision at every hierarchy level makes the total energy\nnonnegative. -/\ntheorem fep087_hierarchicalPredictiveCoding_nonnegative\n    {Level : Type*} [Fintype Level]\n    (precision error : Level \u2192 \u211d)\n    (hPrecision : \u2200 level, 0 \u2264 precision level) :\n    0 \u2264 hierarchicalEnergy precision error :=\n  hierarchicalEnergy_nonneg precision error hPrecision\n\n/-- Both levels contribute in the concrete energy value eleven. -/\ntheorem fep087_twoLevel_decomposition_nonvacuity :\n    hierarchicalEnergy\n      (fun level : Fin 2 =&gt; if level = 0 then 2 else 4)\n      (fun level : Fin 2 =&gt; if level = 0 then 3 else 1) = 11 :=\n  twoLevelEnergy_witness\n\nend FEP087\n]" time="4.625" /><testcase classname="tests.test_causal_predictive_formalisms" name="test_slice04_topic_bodies_compile_warning_free[fep-088-import FepSketches.predictive_coding\n\nnamespace FEP088\n\nopen FEP.PredictiveCoding\n\n/-- The estimate derivative of precision-weighted error energy is exactly\nminus precision times signed prediction error. -/\ntheorem fep088_predictionError_gradient_identity\n    (precision observation estimate : \u211d) :\n    HasDerivAt (fun candidate =&gt; precisionEnergy precision observation candidate)\n      (-precision * predictionError observation estimate) estimate :=\n  precisionEnergy_hasDerivAt precision observation estimate\n\n/-- The named prediction-error gradient is definitionally the derivative\ncertified above. -/\ntheorem fep088_namedGradient_hasDerivAt\n    (precision observation estimate : \u211d) :\n    HasDerivAt (fun candidate =&gt; precisionEnergy precision observation candidate)\n      (precisionEnergyGradient precision observation estimate) estimate :=\n  precisionEnergy_derivative_eq_gradient precision observation estimate\n\n/-- The gradient is nonzero for a concrete imperfect prediction. -/\ntheorem fep088_gradient_nonvacuity :\n    precisionEnergyGradient 2 1 0 = -2 := by\n  norm_num [precisionEnergyGradient, predictionError]\n\nend FEP088\n]" time="4.630" /><testcase classname="tests.test_causal_predictive_formalisms" name="test_slice04_topic_bodies_compile_warning_free[fep-089-import FepSketches.predictive_coding\n\nnamespace FEP089\n\nopen FEP.PredictiveCoding\n\n/-- Generalized-coordinate shifts form a natural-number semigroup. -/\ntheorem fep089_finiteJet_shift_semigroup {order : \u2115}\n    (first second : \u2115) (jet : FiniteJet order) :\n    shift (first + second) jet = shift first (shift second jet) :=\n  shift_add first second jet\n\n/-- The highest retained coordinate shifts into the explicitly truncated zero\ncoefficient. -/\ntheorem fep089_finiteJet_terminal_boundary {order : \u2115}\n    (jet : FiniteJet order) :\n    (shift 1 jet).coefficient order = 0 :=\n  shift_top_zero jet\n\n/-- A first-order jet shifts velocity into position and exposes zero at its\nterminal coordinate. -/\ntheorem fep089_firstOrder_shift_nonvacuity (value velocity : \u211d) :\n    (shift 1 (firstOrderJet value velocity)).coefficient 0 = velocity \u2227\n      (shift 1 (firstOrderJet value velocity)).coefficient 1 = 0 :=\n  firstOrderJet_shift_boundary value velocity\n\nend FEP089\n]" time="4.679" /><testcase classname="tests.test_causal_predictive_formalisms" name="test_slice04_topic_bodies_compile_warning_free[fep-090-import FepSketches.predictive_coding\n\nnamespace FEP090\n\nopen FEP.PredictiveCoding\n\n/-- One generalized-filtering Euler correction is the current jet plus step\nsize times truncated shift minus the certified quadratic energy gradient. -/\ntheorem fep090_finiteJet_generalizedFiltering_correctionEquation\n    {order : \u2115} (stepSize : \u211d) (precision : \u2115 \u2192 \u211d)\n    (target estimate : FiniteJet order) (degree : \u2115) :\n    (generalizedFilteringStep stepSize precision target estimate).coefficient degree =\n      estimate.coefficient degree + stepSize *\n        ((shift 1 estimate).coefficient degree -\n          precisionEnergyGradient (precision degree)\n            (target.coefficient degree) (estimate.coefficient degree)) :=\n  generalizedFilteringStep_equation stepSize precision target estimate degree\n\n/-- The correction's pointwise gradient is backed by an exact derivative\nstatement rather than a symbolic placeholder. -/\ntheorem fep090_finiteJet_coordinateGradient_hasDerivAt\n    {order : \u2115} (precision : \u2115 \u2192 \u211d)\n    (target estimate : FiniteJet order) (degree : \u2115) :\n    HasDerivAt\n      (fun candidate =&gt;\n        precisionEnergy (precision degree) (target.coefficient degree) candidate)\n      (precisionEnergyGradient (precision degree)\n        (target.coefficient degree) (estimate.coefficient degree))\n      (estimate.coefficient degree) :=\n  generalizedCoordinateEnergy_hasDerivAt precision target estimate degree\n\n/-- At the top finite coordinate the shift term is exactly absent. -/\ntheorem fep090_finiteJet_truncation_visible\n    {order : \u2115} (precision : \u2115 \u2192 \u211d)\n    (target estimate : FiniteJet order) :\n    (generalizedFlow precision target estimate).coefficient order =\n      -precisionEnergyGradient (precision order)\n        (target.coefficient order) (estimate.coefficient order) :=\n  generalizedFlow_top_boundary precision target estimate\n\n/-- Both coordinates of a concrete first-order jet receive nonzero, exact\ncorrections. -/\ntheorem fep090_firstOrder_correction_nonvacuity :\n    let corrected := generalizedFilteringStep (1 / 2 : \u211d) (fun _ =&gt; 1)\n      (firstOrderJet 2 0) (firstOrderJet 0 1)\n    corrected.coefficient 0 = 3 / 2 \u2227 corrected.coefficient 1 = 1 / 2 :=\n  firstOrderCorrection_witness\n\nend FEP090\n]" time="4.527" /><testcase classname="tests.test_causal_predictive_formalisms" name="test_slice04_topic_bodies_compile_warning_free[fep-091-import FepSketches.predictive_coding\n\nnamespace FEP091\n\nopen FEP.PredictiveCoding\n\n/-- Greater precision cannot lower the energy of a fixed prediction error. -/\ntheorem fep091_precisionModulation_energy_mono\n    {lower upper : \u211d} (hLowerNonneg : 0 \u2264 lower)\n    (hPrecision : lower \u2264 upper)\n    (observation estimate : \u211d) :\n    0 \u2264 precisionEnergy lower observation estimate \u2227\n      precisionEnergy lower observation estimate \u2264\n        precisionEnergy upper observation estimate :=\n  precisionEnergy_mono hLowerNonneg hPrecision observation estimate\n\n/-- Scaling precision scales the exact prediction-error gradient by the same\nfactor. -/\ntheorem fep091_precisionModulation_gradient_scale\n    (scale precision observation estimate : \u211d) :\n    precisionEnergyGradient (scale * precision) observation estimate =\n      scale * precisionEnergyGradient precision observation estimate :=\n  precisionGradient_scale scale precision observation estimate\n\n/-- Doubling precision strictly increases the energy of one concrete nonzero\nerror. -/\ntheorem fep091_doubledPrecision_nonvacuity :\n    precisionEnergy 2 1 0 = 2 * precisionEnergy 1 1 0 \u2227\n      precisionEnergy 1 1 0 &lt; precisionEnergy 2 1 0 :=\n  doubledPrecision_nontrivial_witness\n\nend FEP091\n]" time="4.572" /><testcase classname="tests.test_causal_predictive_formalisms" name="test_slice04_topic_bodies_compile_warning_free[fep-092-import FepSketches.predictive_coding\n\nnamespace FEP092\n\nopen FEP.PredictiveCoding Filter Topology\n\n/-- Each quadratic prediction update contracts energy by the exact squared\nfactor `(1-stepSize)^2`. -/\ntheorem fep092_quadraticPredictiveCoding_contraction\n    (precision stepSize target estimate : \u211d) :\n    precisionEnergy precision target\n        (predictionUpdate stepSize target estimate) =\n      (1 - stepSize) ^ 2 * precisionEnergy precision target estimate :=\n  predictionEnergy_contraction precision stepSize target estimate\n\n/-- Positive precision and a nonzero error give strict descent for every step\nsize strictly between zero and two. -/\ntheorem fep092_quadraticPredictiveCoding_strictDecrease\n    {precision stepSize target estimate : \u211d}\n    (hPrecision : 0 &lt; precision) (hStepPositive : 0 &lt; stepSize)\n    (hStepBelowTwo : stepSize &lt; 2) (hError : target \u2260 estimate) :\n    precisionEnergy precision target (predictionUpdate stepSize target estimate) &lt;\n      precisionEnergy precision target estimate :=\n  predictionEnergy_strictDecrease hPrecision hStepPositive hStepBelowTwo hError\n\n/-- Under the same step-size boundary, repeated exact prediction error\nconverges to zero. -/\ntheorem fep092_quadraticPredictiveCoding_error_tendsto_zero\n    {stepSize : \u211d} (hStepPositive : 0 &lt; stepSize)\n    (hStepBelowTwo : stepSize &lt; 2) (target estimate : \u211d) :\n    Tendsto\n      (fun iterations =&gt; predictionError target\n        (iteratePredictionUpdate stepSize target iterations estimate))\n      atTop (nhds 0) :=\n  iteratePredictionError_tendsto_zero\n    hStepPositive hStepBelowTwo target estimate\n\n/-- A half-step reduces a concrete unit energy to one quarter. -/\ntheorem fep092_halfStep_decrease_nonvacuity :\n    precisionEnergy 2 1 0 = 1 \u2227\n      predictionUpdate (1 / 2) 1 0 = 1 / 2 \u2227\n      precisionEnergy 2 1 (predictionUpdate (1 / 2) 1 0) = 1 / 4 :=\n  halfStep_energy_witness\n\nend FEP092\n]" time="4.559" /><testcase classname="tests.test_citation_audit" name="test_bibliography_and_authored_citations_are_bijective" time="0.005" /><testcase classname="tests.test_citation_audit" name="test_verified_efe_records_remain_pinned" time="0.003" /><testcase classname="tests.test_cli" name="test_project_root_contract_identifies_checkout_assets" time="0.001" /><testcase classname="tests.test_cli" name="test_main_rejects_substantive_command_outside_checkout" time="0.003" /><testcase classname="tests.test_cli" name="test_build_parser_registers_all_commands" time="0.002" /><testcase classname="tests.test_cli" name="test_print_result_handles_complete_and_incomplete_results" time="0.000" /><testcase classname="tests.test_cli" name="test_setup_requires_lake" time="0.001" /><testcase classname="tests.test_cli" name="test_setup_runs_cache_and_build" time="0.005" /><testcase classname="tests.test_cli" name="test_setup_returns_lake_failure" time="0.002" /><testcase classname="tests.test_cli" name="test_setup_bootstraps_when_lake_is_not_on_path" time="0.001" /><testcase classname="tests.test_cli" name="test_setup_rejects_invalid_timeout" time="0.001" /><testcase classname="tests.test_cli" name="test_verify_command_is_lean_only" time="0.003" /><testcase classname="tests.test_cli" name="test_verify_can_write_native_receipt" time="1.717" /><testcase classname="tests.test_cli" name="test_verify_warning_counts_align_with_strict_native_receipt" time="1.722" /><testcase classname="tests.test_cli" name="test_main_dispatches_pipeline_commands" time="0.005" /><testcase classname="tests.test_cli" name="test_atlas_command_writes_and_checks_projection" time="0.004" /><testcase classname="tests.test_cli" name="test_atlas_check_reports_stale_projection" time="0.002" /><testcase classname="tests.test_cli" name="test_dashboard_command_writes_and_checks_projection" time="0.003" /><testcase classname="tests.test_cli" name="test_dashboard_check_reports_stale_projection" time="0.002" /><testcase classname="tests.test_cli" name="test_main_preflight_returns_error_for_incomplete_root" time="0.002" /><testcase classname="tests.test_cli" name="test_verify_rejects_unknown_topics" time="0.005" /><testcase classname="tests.test_cli" name="test_verify_returns_error_when_no_topics_match" time="0.002" /><testcase classname="tests.test_cli" name="test_print_result_returns_1_for_incomplete_object_without_as_dict" time="0.000" /><testcase classname="tests.test_cli" name="test_main_returns_2_for_unsupported_command" time="0.002" /><testcase classname="tests.test_collective_learning_formalisms" name="test_family_modules_export_only_ordered_bodies_with_exact_titles" time="0.002" /><testcase classname="tests.test_collective_learning_formalisms" name="test_foundations_have_the_exact_required_theorem_inventory" time="0.002" /><testcase classname="tests.test_collective_learning_formalisms" name="test_collective_foundation_exposes_independence_and_coupling_boundaries" time="0.001" /><testcase classname="tests.test_collective_learning_formalisms" name="test_learning_foundation_exposes_probability_support_and_sample_assumptions" time="0.000" /><testcase classname="tests.test_collective_learning_formalisms" name="test_hard_consensus_topic_has_strict_nonzero_bool_witness" time="0.001" /><testcase classname="tests.test_collective_learning_formalisms" name="test_hard_pac_bayes_topic_has_probability_prior_and_support_contract" time="0.001" /><testcase classname="tests.test_collective_learning_formalisms" name="test_unit_weight_product_of_experts_names_replace_opinion_pool_names" time="0.001" /><testcase classname="tests.test_collective_learning_formalisms" name="test_learning_family_pins_two_hypothesis_witnesses_and_zero_support" time="0.001" /><testcase classname="tests.test_collective_learning_formalisms" name="test_family_foundation_compiles_warning_free[collective_inference]" time="4.331" /><testcase classname="tests.test_collective_learning_formalisms" name="test_family_foundation_compiles_warning_free[learning_theory]" time="4.637" /><testcase classname="tests.test_collective_learning_formalisms" name="test_hard_topic_spike_compiles_warning_free[collective_inference-fep-112]" time="4.271" /><testcase classname="tests.test_collective_learning_formalisms" name="test_hard_topic_spike_compiles_warning_free[learning_theory-fep-116]" time="4.601" /><testcase classname="tests.test_collective_learning_formalisms" name="test_each_remaining_topic_compiles_warning_free[collective_inference-fep-107]" time="4.266" /><testcase classname="tests.test_collective_learning_formalisms" name="test_each_remaining_topic_compiles_warning_free[collective_inference-fep-108]" time="4.310" /><testcase classname="tests.test_collective_learning_formalisms" name="test_each_remaining_topic_compiles_warning_free[collective_inference-fep-109]" time="4.327" /><testcase classname="tests.test_collective_learning_formalisms" name="test_each_remaining_topic_compiles_warning_free[collective_inference-fep-110]" time="4.465" /><testcase classname="tests.test_collective_learning_formalisms" name="test_each_remaining_topic_compiles_warning_free[collective_inference-fep-111]" time="4.459" /><testcase classname="tests.test_collective_learning_formalisms" name="test_each_remaining_topic_compiles_warning_free[collective_inference-fep-113]" time="4.417" /><testcase classname="tests.test_collective_learning_formalisms" name="test_each_remaining_topic_compiles_warning_free[learning_theory-fep-114]" time="4.686" /><testcase classname="tests.test_collective_learning_formalisms" name="test_each_remaining_topic_compiles_warning_free[learning_theory-fep-115]" time="4.630" /><testcase classname="tests.test_collective_learning_formalisms" name="test_each_remaining_topic_compiles_warning_free[learning_theory-fep-117]" time="4.729" /><testcase classname="tests.test_collective_learning_formalisms" name="test_each_remaining_topic_compiles_warning_free[learning_theory-fep-118]" time="4.619" /><testcase classname="tests.test_collective_learning_formalisms" name="test_each_remaining_topic_compiles_warning_free[learning_theory-fep-119]" time="4.765" /><testcase classname="tests.test_collective_learning_formalisms" name="test_each_remaining_topic_compiles_warning_free[learning_theory-fep-120]" time="4.777" /><testcase classname="tests.test_collective_learning_formalisms" name="test_family_body_closure_compiles_warning_free[collective_inference]" time="4.162" /><testcase classname="tests.test_collective_learning_formalisms" name="test_family_body_closure_compiles_warning_free[learning_theory]" time="4.371" /><testcase classname="tests.test_control_temporal_formalisms" name="test_slice03_body_modules_own_one_exact_ordered_roster" time="0.000" /><testcase classname="tests.test_control_temporal_formalisms" name="test_slice03_bodies_are_standalone_scoped_sources[fep-065-import FepSketches.controlled_markov\n\nnamespace FEP065\n\nopen FEP FEP.ControlledMarkov Finset\nopen scoped BigOperators\n\nvariable {State Action : Type*} [Fintype State] [Fintype Action]\n\n/-- Every action-conditioned Markov row is a normalized finite law. -/\ntheorem fep065_controlledKernel_normalization\n    (transition : ControlledKernel State Action)\n    (action : Action) (state : State) :\n    \u2211 nextState, transition action state nextState = 1 :=\n  controlledKernel_sum_one transition action state\n\nend FEP065\n]" time="0.000" /><testcase classname="tests.test_control_temporal_formalisms" name="test_slice03_bodies_are_standalone_scoped_sources[fep-066-import FepSketches.controlled_markov\n\nnamespace FEP066\n\nopen FEP FEP.ControlledMarkov Finset\nopen scoped BigOperators\n\nvariable {State Action Observation : Type*}\n  [Fintype State] [Fintype Action] [Fintype Observation]\n\n/-- A positive-evidence action-conditioned Bayes update reconstructs its\npredicted state-observation joint mass. -/\ntheorem fep066_actionConditioned_bayes_reconstruction\n    (prior : FiniteLaw State) (transition : ControlledKernel State Action)\n    (emission : FiniteKernel State Observation) (action : Action)\n    (observation : Observation)\n    (hEvidence : 0 &lt; actionEvidence prior transition emission action observation)\n    (state : State) :\n    actionBeliefUpdate prior transition emission action observation hEvidence state *\n        actionEvidence prior transition emission action observation =\n      actionPrediction prior transition action state * emission state observation :=\n  actionBeliefUpdate_reconstruction prior transition emission action observation\n    hEvidence state\n\n/-- The same positive-evidence update is normalized. -/\ntheorem fep066_actionConditioned_update_normalized\n    (prior : FiniteLaw State) (transition : ControlledKernel State Action)\n    (emission : FiniteKernel State Observation) (action : Action)\n    (observation : Observation)\n    (hEvidence : 0 &lt; actionEvidence prior transition emission action observation) :\n    \u2211 state,\n      actionBeliefUpdate prior transition emission action observation hEvidence state =\n        1 :=\n  actionBeliefUpdate_sum_one prior transition emission action observation hEvidence\n\n/-- A zero-evidence observation cannot be passed to the normalized update. -/\ntheorem fep066_zero_evidence_boundary\n    (prior : FiniteLaw State) (transition : ControlledKernel State Action)\n    (emission : FiniteKernel State Observation) (action : Action)\n    (observation : Observation)\n    (hZero : actionEvidence prior transition emission action observation = 0) :\n    \xac0 &lt; actionEvidence prior transition emission action observation :=\n  actionEvidence_zero_boundary prior transition emission action observation hZero\n\nend FEP066\n]" time="0.000" /><testcase classname="tests.test_control_temporal_formalisms" name="test_slice03_bodies_are_standalone_scoped_sources[fep-067-import FepSketches.controlled_markov\n\nnamespace FEP067\n\nopen FEP FEP.ControlledMarkov\n\nvariable {Belief State Action Observation : Type*}\n  [Fintype Belief] [Fintype State] [Fintype Action] [Fintype Observation]\n  [DecidableEq Belief]\n\n/-- A finite reachable belief index denotes a finite law; expanding that\ninterpretation preserves every finite-horizon feedback-policy value. -/\ntheorem fep067_reachableBelief_policyValue_equivalence\n    (model : ReachableBeliefPOMDP Belief State Action Observation)\n    (stateCost : State \u2192 Action \u2192 \u211d) (policy : \u2115 \u2192 Belief \u2192 Action)\n    (horizon : \u2115) (belief : Belief) :\n    reducedPolicyValue model stateCost policy horizon belief =\n      interpretedPolicyValue model stateCost policy horizon belief :=\n  reachableBelief_policyValue_eq model stateCost policy horizon belief\n\n/-- The concrete two-index Boolean model satisfies the exact positive-evidence\nBayesian update required by the reachable reduction. -/\ntheorem fep067_bool_reachable_update\n    (belief action observation : Bool)\n    (hEvidence : 0 &lt; actionEvidence\n      (boolReachablePOMDP.interpret belief) boolReachablePOMDP.transition\n      boolReachablePOMDP.emission action observation) :\n    boolReachablePOMDP.interpret\n        (boolReachablePOMDP.update belief action observation) =\n      actionBeliefUpdate (boolReachablePOMDP.interpret belief)\n        boolReachablePOMDP.transition boolReachablePOMDP.emission action observation\n        hEvidence :=\n  boolReachablePOMDP_update_sound belief action observation hEvidence\n\nend FEP067\n]" time="0.000" /><testcase classname="tests.test_control_temporal_formalisms" name="test_slice03_bodies_are_standalone_scoped_sources[fep-068-import FepSketches.controlled_markov\n\nnamespace FEP068\n\nopen FEP FEP.ControlledMarkov Finset\nopen scoped BigOperators\n\nvariable {State Action : Type*}\n  [Fintype State] [Fintype Action] [Nonempty Action]\n\n/-- At positive temperature, every finite soft Bellman backup has a positive\npartition, satisfies its exact recursion, and lies below each hard action\nenergy. -/\ntheorem fep068_softBellman_recursion (temperature : \u211d)\n    (hTemperature : 0 &lt; temperature) (stageCost : State \u2192 Action \u2192 \u211d)\n    (transition : ControlledKernel State Action)\n    (horizon : \u2115) (state : State) :\n    (0 &lt; \u2211 action,\n      Real.exp (-((softBellmanActionEnergy temperature stageCost transition\n        horizon state action) / temperature))) \u2227\n    (softBellmanValue temperature stageCost transition (horizon + 1) state =\n      -temperature * Real.log\n        (\u2211 action,\n          Real.exp (-((softBellmanActionEnergy temperature stageCost transition\n            horizon state action) / temperature)))) \u2227\n    \u2200 action,\n      softBellmanValue temperature stageCost transition (horizon + 1) state \u2264\n        softBellmanActionEnergy temperature stageCost transition\n          horizon state action := by\n  exact\n    \u27e8softBellmanValue_partition_pos temperature stageCost transition horizon state,\n      softBellmanValue_succ temperature stageCost transition horizon state,\n      fun action \u21a6 softBellmanValue_le_actionEnergy temperature hTemperature\n        stageCost transition horizon state action\u27e9\n\nend FEP068\n]" time="0.000" /><testcase classname="tests.test_control_temporal_formalisms" name="test_slice03_bodies_are_standalone_scoped_sources[fep-069-import FepSketches.controlled_markov\n\nnamespace FEP069\n\nopen FEP FEP.ControlledMarkov Finset\nopen scoped BigOperators\n\nvariable {State : Type*} [Fintype State]\n\n/-- One KL-control desirability backup is an exponential state-cost tilt of\nthe passive-kernel prediction. -/\ntheorem fep069_desirability_recursion\n    (passive : FiniteKernel State State) (stateCost desirability : State \u2192 \u211d)\n    (state : State) :\n    desirabilityStep passive stateCost desirability state =\n      Real.exp (-stateCost state) *\n        \u2211 nextState, passive state nextState * desirability nextState :=\n  rfl\n\n/-- The desirability recursion preserves nonnegativity. -/\ntheorem fep069_desirability_nonnegative\n    (passive : FiniteKernel State State) (stateCost desirability : State \u2192 \u211d)\n    (hDesirability : \u2200 state, 0 \u2264 desirability state) (state : State) :\n    0 \u2264 desirabilityStep passive stateCost desirability state :=\n  desirabilityStep_nonneg passive stateCost desirability hDesirability state\n\n/-- Zero state cost and unit desirability give an exact normalized fixed point. -/\ntheorem fep069_zeroCost_unitDesirability\n    (passive : FiniteKernel State State) (state : State) :\n    desirabilityStep passive (fun _ =&gt; 0) (fun _ =&gt; 1) state = 1 :=\n  desirabilityStep_zero_cost_one passive state\n\nend FEP069\n]" time="0.000" /><testcase classname="tests.test_control_temporal_formalisms" name="test_slice03_bodies_are_standalone_scoped_sources[fep-070-import FepSketches.controlled_markov\n\nnamespace FEP070\n\nopen FEP FEP.ControlledMarkov Finset\nopen scoped BigOperators\n\nvariable {Action : Type*} [Fintype Action]\n\n/-- The prior-weighted exponential control posterior is a normalized finite\naction law. -/\ntheorem fep070_controlPosterior_normalized (prior : FiniteLaw Action)\n    (precision : \u211d) (cost : Action \u2192 \u211d) :\n    \u2211 action, controlPosterior prior precision cost action = 1 :=\n  controlPosterior_sum_one prior precision cost\n\n/-- Posterior control mass reconstructs its prior-weighted exponential score. -/\ntheorem fep070_controlPosterior_reconstruction (prior : FiniteLaw Action)\n    (precision : \u211d) (cost : Action \u2192 \u211d) (action : Action) :\n    controlPosterior prior precision cost action *\n        boltzmannPartition prior (fun candidate =&gt; precision * cost candidate) =\n      boltzmannWeight prior (fun candidate =&gt; precision * cost candidate) action :=\n  boltzmannPosterior_mul_partition prior\n    (fun candidate =&gt; precision * cost candidate) action\n\n/-- Zero control cost leaves the prior action law unchanged. -/\ntheorem fep070_zeroCost_posterior_eq_prior (prior : FiniteLaw Action)\n    (precision : \u211d) :\n    controlPosterior prior precision (fun _ =&gt; 0) = prior :=\n  controlPosterior_zero_cost prior precision\n\nend FEP070\n]" time="0.000" /><testcase classname="tests.test_control_temporal_formalisms" name="test_slice03_bodies_are_standalone_scoped_sources[fep-071-import FepSketches.controlled_markov\n\nnamespace FEP071\n\nopen FEP FEP.ControlledMarkov Finset\nopen scoped BigOperators\n\nvariable {Belief Action Observation : Type*}\n  [Fintype Belief] [Fintype Action] [Fintype Observation] [Nonempty Action]\n\n/-- Sophisticated expected free energy applies a new finite minimum after the\nobservation-dependent continuation at every backward-induction node. -/\ntheorem fep071_sophisticatedEFE_backward_step\n    (model : SophisticatedEFEModel Belief Action Observation)\n    (horizon : \u2115) (belief : Belief) :\n    sophisticatedEFEValue model (horizon + 1) belief =\n      model.stageEFE horizon belief (sophisticatedEFEAction model horizon belief) +\n        \u2211 observation,\n          model.observationLaw belief (sophisticatedEFEAction model horizon belief)\n              observation *\n            sophisticatedEFEValue model horizon\n              (model.update belief (sophisticatedEFEAction model horizon belief)\n                observation) :=\n  sophisticatedEFEValue_succ model horizon belief\n\n/-- In the exact two-stage Boolean witness, different observations select\ndifferent second-stage actions. -/\ntheorem fep071_twoStage_feedback_changes_action :\n    twoStageFeedback false \u2260 twoStageFeedback true :=\n  twoStageFeedback_changes_action\n\n/-- The observation-dependent second action strictly improves on every fixed\nopen-loop Boolean action. -/\ntheorem fep071_twoStage_feedback_strictly_better (action : Bool) :\n    twoStageFeedbackExpectedCost &lt; twoStageOpenLoopExpectedCost action :=\n  twoStageFeedback_beats_openLoop action\n\nend FEP071\n]" time="0.000" /><testcase classname="tests.test_control_temporal_formalisms" name="test_slice03_bodies_are_standalone_scoped_sources[fep-072-import FepSketches.temporal_inference\n\nnamespace FEP072\n\nopen FEP FEP.TemporalInference Finset\nopen scoped BigOperators\n\nvariable {State Observation : Type*}\n  [Fintype State] [Fintype Observation]\n\n/-- One positive-evidence hidden-Markov forward update reconstructs the\npredicted state-observation joint. -/\ntheorem fep072_forward_filtering_recursion (prior : FiniteLaw State)\n    (transition : FiniteKernel State State)\n    (emission : FiniteKernel State Observation) (observation : Observation)\n    (hEvidence : 0 &lt; forwardEvidence prior transition emission observation)\n    (state : State) :\n    forwardFilter prior transition emission observation hEvidence state *\n        forwardEvidence prior transition emission observation =\n      forwardPrediction prior transition state * emission state observation :=\n  forwardFilter_reconstruction prior transition emission observation hEvidence state\n\n/-- The exact asymmetric Boolean filter assigns mass `20/23` to `true`. -/\ntheorem fep072_bool_forward_mass : boolForwardFilter true = 20 / 23 :=\n  boolForwardFilter_true_mass\n\n/-- Zero evidence is outside the normalized forward-filter construction. -/\ntheorem fep072_zero_evidence_boundary (prior : FiniteLaw State)\n    (transition : FiniteKernel State State)\n    (emission : FiniteKernel State Observation) (observation : Observation)\n    (hZero : forwardEvidence prior transition emission observation = 0) :\n    \xac0 &lt; forwardEvidence prior transition emission observation :=\n  forwardEvidence_zero_boundary prior transition emission observation hZero\n\nend FEP072\n]" time="0.000" /><testcase classname="tests.test_control_temporal_formalisms" name="test_slice03_bodies_are_standalone_scoped_sources[fep-073-import FepSketches.temporal_inference\n\nnamespace FEP073\n\nopen FEP FEP.TemporalInference\n\nvariable {State Observation : Type*}\n  [Fintype State] [Fintype Observation]\n\n/-- Backward information messages obey the exact finite future-observation\nrecursion. -/\ntheorem fep073_backward_message_recursion\n    (transition : FiniteKernel State State)\n    (emission : FiniteKernel State Observation) (observation : Observation)\n    (future : List Observation) (state : State) :\n    backwardMessage transition emission (observation :: future) state =\n      backwardMessageStep transition emission observation\n        (backwardMessage transition emission future) state :=\n  backwardMessage_cons transition emission observation future state\n\n/-- Nonnegative terminal information stays nonnegative under a backward step. -/\ntheorem fep073_backward_message_nonnegative\n    (transition : FiniteKernel State State)\n    (emission : FiniteKernel State Observation) (observation : Observation)\n    (nextMessage : State \u2192 \u211d) (hMessage : \u2200 state, 0 \u2264 nextMessage state)\n    (state : State) :\n    0 \u2264 backwardMessageStep transition emission observation nextMessage state :=\n  backwardMessage_nonneg transition emission observation nextMessage hMessage state\n\nend FEP073\n]" time="0.000" /><testcase classname="tests.test_control_temporal_formalisms" name="test_slice03_bodies_are_standalone_scoped_sources[fep-074-import FepSketches.temporal_inference\n\nnamespace FEP074\n\nopen FEP FEP.TemporalInference\n\nvariable {State : Type*} [Fintype State]\n\n/-- At positive normalizer, a smoothing marginal factors exactly into its\nforward law and backward information message. -/\ntheorem fep074_forwardBackward_smoothing_factorization\n    (filtered : FiniteLaw State) (backward : State \u2192 \u211d)\n    (hBackward : \u2200 state, 0 \u2264 backward state)\n    (hNormalizer : 0 &lt; smoothingNormalizer filtered backward) (state : State) :\n    forwardBackwardSmoothing filtered backward hBackward hNormalizer state *\n        smoothingNormalizer filtered backward =\n      filtered state * backward state :=\n  forwardBackwardSmoothing_factorization filtered backward hBackward hNormalizer state\n\n/-- Forward and backward evaluation agree on one-step observation evidence. -/\ntheorem fep074_forward_backward_evidence_agreement\n    {Observation : Type*} [Fintype Observation]\n    (prior : FiniteLaw State) (transition : FiniteKernel State State)\n    (emission : FiniteKernel State Observation) (observation : Observation) :\n    forwardEvidence prior transition emission observation =\n      backwardEvidence prior transition emission observation :=\n  forward_backward_evidence_agree prior transition emission observation\n\nend FEP074\n]" time="0.001" /><testcase classname="tests.test_control_temporal_formalisms" name="test_slice03_bodies_are_standalone_scoped_sources[fep-075-import FepSketches.temporal_inference\n\nnamespace FEP075\n\nopen FEP FEP.TemporalInference Finset\nopen scoped BigOperators\n\nvariable {State : Type*} [Fintype State]\n\n/-- A positive-normalizer forward--backward smoothing marginal is normalized. -/\ntheorem fep075_smoothing_marginal_normalization\n    (filtered : FiniteLaw State) (backward : State \u2192 \u211d)\n    (hBackward : \u2200 state, 0 \u2264 backward state)\n    (hNormalizer : 0 &lt; smoothingNormalizer filtered backward) :\n    \u2211 state, forwardBackwardSmoothing filtered backward hBackward hNormalizer state =\n      1 :=\n  forwardBackwardSmoothing_sum_one filtered backward hBackward hNormalizer\n\n/-- The nontrivial Boolean smoother normalizes with masses `7/46` and `39/46`. -/\ntheorem fep075_bool_smoothing_normalization :\n    boolSmoothing false + boolSmoothing true = 1 :=\n  boolSmoothing_sum_one\n\n/-- A zero forward--backward normalizer is explicitly outside the smoother's\nconstruction boundary. -/\ntheorem fep075_zero_normalizer_boundary (filtered : FiniteLaw State)\n    (backward : State \u2192 \u211d) (hZero : smoothingNormalizer filtered backward = 0) :\n    \xac0 &lt; smoothingNormalizer filtered backward :=\n  smoothingNormalizer_zero_boundary filtered backward hZero\n\nend FEP075\n]" time="0.000" /><testcase classname="tests.test_control_temporal_formalisms" name="test_slice03_bodies_are_standalone_scoped_sources[fep-076-import FepSketches.temporal_inference\n\nnamespace FEP076\n\nopen FEP FEP.TemporalInference FEP.ControlledMarkov Finset\nopen scoped BigOperators\n\nvariable {State : Type*} [Fintype State]\n\n/-- A prior-weighted one-step variational state update is a normalized finite\nlaw. -/\ntheorem fep076_variational_state_update_normalized\n    (prior : FiniteLaw State) (energy : State \u2192 \u211d) :\n    \u2211 state, variationalStateUpdate prior energy state = 1 :=\n  variationalStateUpdate_sum_one prior energy\n\n/-- Normalized state mass reconstructs the corresponding unnormalized\nvariational tilt. -/\ntheorem fep076_variational_state_update_reconstruction\n    (prior : FiniteLaw State) (energy : State \u2192 \u211d) (state : State) :\n    variationalStateUpdate prior energy state * boltzmannPartition prior energy =\n      boltzmannWeight prior energy state :=\n  variationalStateUpdate_reconstruction prior energy state\n\n/-- Zero state energy is the identity variational update. -/\ntheorem fep076_zeroEnergy_update_eq_prior (prior : FiniteLaw State) :\n    variationalStateUpdate prior (fun _ =&gt; 0) = prior :=\n  variationalStateUpdate_zero_energy prior\n\nend FEP076\n]" time="0.000" /><testcase classname="tests.test_control_temporal_formalisms" name="test_slice03_bodies_are_standalone_scoped_sources[fep-077-import FepSketches.temporal_inference\n\nnamespace FEP077\n\nopen FEP FEP.TemporalInference\n\nvariable {Upper Middle Observation : Type*}\n  [Fintype Upper] [Fintype Middle] [Fintype Observation]\n\n/-- Two-level hierarchical prediction equals prediction through the composed\nnormalized kernel. -/\ntheorem fep077_hierarchical_predictive_factorization\n    (top : FiniteLaw Upper) (upperKernel : FiniteKernel Upper Middle)\n    (lowerKernel : FiniteKernel Middle Observation) :\n    hierarchicalPredictive top upperKernel lowerKernel =\n      (FiniteKernel.comp lowerKernel upperKernel).predictive top :=\n  hierarchicalPredictive_eq top upperKernel lowerKernel\n\nend FEP077\n]" time="0.000" /><testcase classname="tests.test_control_temporal_formalisms" name="test_slice03_bodies_are_standalone_scoped_sources[fep-078-import FepSketches.temporal_inference\n\nnamespace FEP078\n\nopen FEP FEP.TemporalInference Finset\nopen scoped BigOperators\n\nvariable {Model Observation : Type*} [Fintype Model] [Fintype Observation]\n\n/-- Bayesian model averaging is the finite prior-weighted predictive mixture. -/\ntheorem fep078_modelAverage_predictive_law (modelPrior : FiniteLaw Model)\n    (modelPredictive : FiniteKernel Model Observation)\n    (observation : Observation) :\n    modelAverage modelPrior modelPredictive observation =\n      \u2211 model, modelPrior model * modelPredictive model observation :=\n  modelAverage_mass modelPrior modelPredictive observation\n\n/-- The Bayesian model-averaged predictive mixture remains normalized. -/\ntheorem fep078_modelAverage_normalized (modelPrior : FiniteLaw Model)\n    (modelPredictive : FiniteKernel Model Observation) :\n    \u2211 observation, modelAverage modelPrior modelPredictive observation = 1 :=\n  modelAverage_sum_one modelPrior modelPredictive\n\n/-- A nonuniform Boolean model prior and informative predictive kernel yield\nthe exact nontrivial mixture mass `13/20` on `true`. -/\ntheorem fep078_bool_modelAverage_true_mass :\n    modelAverage boolInitialLaw boolAccurateEmission true = 13 / 20 :=\n  boolModelAverage_true_mass\n\nend FEP078\n]" time="0.000" /><testcase classname="tests.test_control_temporal_formalisms" name="test_slice03_foundations_expose_exact_witness_contracts[controlled_markov.lean-declarations0]" time="0.002" /><testcase classname="tests.test_control_temporal_formalisms" name="test_slice03_foundations_expose_exact_witness_contracts[temporal_inference.lean-declarations1]" time="0.002" /><testcase classname="tests.test_control_temporal_formalisms" name="test_soft_bellman_topic_requires_nonempty_actions_and_uses_temperature" time="0.000" /><testcase classname="tests.test_control_temporal_formalisms" name="test_slice03_foundations_compile_warning_free[controlled_markov.lean]" time="4.170" /><testcase classname="tests.test_control_temporal_formalisms" name="test_slice03_foundations_compile_warning_free[temporal_inference.lean]" time="5.141" /><testcase classname="tests.test_control_temporal_formalisms" name="test_slice03_topic_bodies_compile_warning_free[fep-065-import FepSketches.controlled_markov\n\nnamespace FEP065\n\nopen FEP FEP.ControlledMarkov Finset\nopen scoped BigOperators\n\nvariable {State Action : Type*} [Fintype State] [Fintype Action]\n\n/-- Every action-conditioned Markov row is a normalized finite law. -/\ntheorem fep065_controlledKernel_normalization\n    (transition : ControlledKernel State Action)\n    (action : Action) (state : State) :\n    \u2211 nextState, transition action state nextState = 1 :=\n  controlledKernel_sum_one transition action state\n\nend FEP065\n]" time="4.206" /><testcase classname="tests.test_control_temporal_formalisms" name="test_slice03_topic_bodies_compile_warning_free[fep-066-import FepSketches.controlled_markov\n\nnamespace FEP066\n\nopen FEP FEP.ControlledMarkov Finset\nopen scoped BigOperators\n\nvariable {State Action Observation : Type*}\n  [Fintype State] [Fintype Action] [Fintype Observation]\n\n/-- A positive-evidence action-conditioned Bayes update reconstructs its\npredicted state-observation joint mass. -/\ntheorem fep066_actionConditioned_bayes_reconstruction\n    (prior : FiniteLaw State) (transition : ControlledKernel State Action)\n    (emission : FiniteKernel State Observation) (action : Action)\n    (observation : Observation)\n    (hEvidence : 0 &lt; actionEvidence prior transition emission action observation)\n    (state : State) :\n    actionBeliefUpdate prior transition emission action observation hEvidence state *\n        actionEvidence prior transition emission action observation =\n      actionPrediction prior transition action state * emission state observation :=\n  actionBeliefUpdate_reconstruction prior transition emission action observation\n    hEvidence state\n\n/-- The same posi
[...]
initePathProtocol Path)\n    (hForward : \u2200 path, 0 &lt; protocol.forward path)\n    (hReverse : \u2200 path, 0 &lt; protocol.reverseAligned path) (path : Path) :\n    protocol.reverseAligned path *\n        Real.exp (pathwiseEntropyProduction protocol path) =\n      protocol.forward path :=\n  detailedFluctuation_identity protocol hForward hReverse path\n\n/-- When reversal exchanges the aligned laws, pathwise entropy production is\nodd under the involution. -/\ntheorem fep095_entropyProduction_reversal_antisymmetry\n    (protocol : FinitePathProtocol Path)\n    (hForward : \u2200 path, 0 &lt; protocol.forward path)\n    (hReverse : \u2200 path, 0 &lt; protocol.reverseAligned path)\n    (hExchangeForward : \u2200 path,\n      protocol.forward (protocol.reversal path) = protocol.reverseAligned path)\n    (hExchangeReverse : \u2200 path,\n      protocol.reverseAligned (protocol.reversal path) = protocol.forward path)\n    (path : Path) :\n    pathwiseEntropyProduction protocol (protocol.reversal path) =\n      -pathwiseEntropyProduction protocol path :=\n  pathwiseEntropyProduction_reverse protocol hForward hReverse\n    hExchangeForward hExchangeReverse path\n\nend FEP095\n]" time="0.000"><skipped type="pytest.skip" message="set FEP_LEAN_SLICE05_COMPILE_TEST=1 for serialized native checks">/home/trim/Documents/Git/HumOS/projects/outside_of_hum/fep_lean/tests/test_thermo_geometry_formalisms.py:243: set FEP_LEAN_SLICE05_COMPILE_TEST=1 for serialized native checks</skipped></testcase><testcase classname="tests.test_thermo_geometry_formalisms" name="test_slice05_topic_bodies_compile_warning_free[fep-096-import FepSketches.path_thermodynamics\n\nnamespace FEP096\n\nopen FEP FEP.PathThermodynamics Finset\nopen scoped BigOperators\n\nvariable {Path : Type*} [Fintype Path]\n\n/-- Supported normalized finite path laws obey the integral fluctuation\nidentity. -/\ntheorem fep096_integralFluctuation_theorem\n    (protocol : FinitePathProtocol Path)\n    (hForward : \u2200 path, 0 &lt; protocol.forward path)\n    (hReverse : \u2200 path, 0 &lt; protocol.reverseAligned path) :\n    \u2211 path, protocol.forward path *\n        Real.exp (-pathwiseEntropyProduction protocol path) = 1 :=\n  integralFluctuation_eq_one protocol hForward hReverse\n\nend FEP096\n]" time="0.000"><skipped type="pytest.skip" message="set FEP_LEAN_SLICE05_COMPILE_TEST=1 for serialized native checks">/home/trim/Documents/Git/HumOS/projects/outside_of_hum/fep_lean/tests/test_thermo_geometry_formalisms.py:243: set FEP_LEAN_SLICE05_COMPILE_TEST=1 for serialized native checks</skipped></testcase><testcase classname="tests.test_thermo_geometry_formalisms" name="test_slice05_topic_bodies_compile_warning_free[fep-097-import FepSketches.path_thermodynamics\n\nnamespace FEP097\n\nopen FEP FEP.PathThermodynamics\n\nvariable {Path : Type*} [Fintype Path]\n\n/-- A positive inverse temperature and explicit exponential-work\nnormalization imply the finite Jarzynski equality. -/\ntheorem fep097_finiteJarzynski_equality\n    (law : FiniteLaw Path) (beta deltaFreeEnergy : \u211d)\n    (work : Path \u2192 \u211d)\n    (hNormalization :\n      HasJarzynskiNormalization law beta deltaFreeEnergy work) :\n    exponentialWorkAverage law beta work =\n      Real.exp (-beta * deltaFreeEnergy) :=\n  finiteJarzynski_eq law beta deltaFreeEnergy work hNormalization\n\nend FEP097\n]" time="0.000"><skipped type="pytest.skip" message="set FEP_LEAN_SLICE05_COMPILE_TEST=1 for serialized native checks">/home/trim/Documents/Git/HumOS/projects/outside_of_hum/fep_lean/tests/test_thermo_geometry_formalisms.py:243: set FEP_LEAN_SLICE05_COMPILE_TEST=1 for serialized native checks</skipped></testcase><testcase classname="tests.test_thermo_geometry_formalisms" name="test_slice05_topic_bodies_compile_warning_free[fep-098-import FepSketches.path_thermodynamics\n\nnamespace FEP098\n\nopen FEP FEP.FiniteMarkovDynamics FEP.PathThermodynamics\n\nvariable {State : Type*} [Fintype State]\n\n/-- Finite detailed balance cancels every oriented local probability current. -/\ntheorem fep098_localDetailedBalance_currentCancellation\n    (law : FiniteLaw State) (kernel : FiniteKernel State State)\n    (hReversible : IsReversible law kernel) (source target : State) :\n    probabilityCurrent law kernel source target = 0 :=\n  localDetailedBalance_current_zero law kernel hReversible source target\n\n/-- A zero reverse rate is kept as an explicit totalized-log boundary rather\nthan reported as an extended-real affinity. -/\ntheorem fep098_zeroReverseRate_boundary\n    (law : FiniteLaw State) (kernel : FiniteKernel State State)\n    (source target : State) (hZero : kernel target source = 0) :\n    localAffinity law kernel source target = 0 :=\n  localAffinity_zero_reverseRate_boundary law kernel source target hZero\n\nend FEP098\n]" time="0.000"><skipped type="pytest.skip" message="set FEP_LEAN_SLICE05_COMPILE_TEST=1 for serialized native checks">/home/trim/Documents/Git/HumOS/projects/outside_of_hum/fep_lean/tests/test_thermo_geometry_formalisms.py:243: set FEP_LEAN_SLICE05_COMPILE_TEST=1 for serialized native checks</skipped></testcase><testcase classname="tests.test_thermo_geometry_formalisms" name="test_slice05_topic_bodies_compile_warning_free[fep-099-import FepSketches.path_thermodynamics\n\nnamespace FEP099\n\nopen FEP FEP.FiniteInformation FEP.FiniteMarkovDynamics\n  FEP.PathThermodynamics\n\nvariable {State : Type*} [Fintype State]\n\n/-- One full-support reversible Markov step dissipates KL to its stationary\nlaw; detailed balance supplies stationarity and finite channel data processing\nsupplies the inequality. -/\ntheorem fep099_reversibleChain_oneStep_KL_dissipation\n    [Nonempty State]\n    (actual stationary : FiniteLaw State)\n    (kernel : FiniteKernel State State)\n    (hActual : \u2200 state, 0 &lt; actual state)\n    (hStationary : \u2200 state, 0 &lt; stationary state)\n    (hKernel : \u2200 source target, 0 &lt; kernel source target)\n    (hReversible : IsReversible stationary kernel) :\n    finiteKL (kernel.predictive actual) stationary \u2264\n      finiteKL actual stationary :=\n  reversibleKL_oneStep_dissipation actual stationary kernel hActual\n    hStationary hKernel hReversible\n\n/-- The identity transition is the exact reversible equality boundary. -/\ntheorem fep099_reversibleEquality_boundary [DecidableEq State]\n    (actual stationary : FiniteLaw State) :\n    finiteKL\n        ((FiniteKernel.identity : FiniteKernel State State).predictive actual)\n        stationary = finiteKL actual stationary :=\n  identityKernel_KL_equality actual stationary\n\n/-- A concrete unequal full-support Boolean forward/reverse pair has strictly\npositive path entropy production. -/\ntheorem fep099_irreversiblePositiveProduction_witness :\n    0 &lt; entropyProduction irreversibleBoolProtocol :=\n  irreversibleBool_entropyProduction_pos\n\nend FEP099\n]" time="0.000"><skipped type="pytest.skip" message="set FEP_LEAN_SLICE05_COMPILE_TEST=1 for serialized native checks">/home/trim/Documents/Git/HumOS/projects/outside_of_hum/fep_lean/tests/test_thermo_geometry_formalisms.py:243: set FEP_LEAN_SLICE05_COMPILE_TEST=1 for serialized native checks</skipped></testcase><testcase classname="tests.test_thermo_geometry_formalisms" name="test_slice05_topic_bodies_compile_warning_free[fep-100-import FepSketches.geometric_optimization\n\nnamespace FEP100\n\nopen FEP FEP.GeometricOptimization FEP.InformationGeometry\n\nvariable {d : \u2115}\n\n/-- The inherited Fisher metric is strictly positive on every certified\nnonzero categorical simplex tangent under full support. -/\ntheorem fep100_categoricalFisher_simplexTangent_positivity\n    (carrier : CategoricalFisherCarrier d)\n    (tangent : Fin d \u2192 \u211d) (hTangent : IsSimplexTangent tangent)\n    (hNonzero : tangent \u2260 0) :\n    0 &lt; fisherMetric carrier.model tangent tangent :=\n  categoricalFisher_pos carrier tangent hTangent hNonzero\n\n/-- The genuine two-outcome categorical carrier is positive definite on its\nentire nonzero simplex tangent space. -/\ntheorem fep100_twoCategorical_simplexMetric_fullRank\n    (tangent : Fin 2 \u2192 \u211d) (hTangent : IsSimplexTangent tangent)\n    (hNonzero : tangent \u2260 0) :\n    0 &lt; fisherMetric twoCategoricalFisherCarrier.model tangent tangent :=\n  twoCategorical_simplexMetric_fullRank tangent hTangent hNonzero\n\n/-- Every two-outcome simplex tangent is generated by the explicit nonzero\n`(1, -1)` direction. -/\ntheorem fep100_twoCategorical_tangent_spanning\n    (tangent : Fin 2 \u2192 \u211d) (hTangent : IsSimplexTangent tangent) :\n    tangent = fun coordinate \u21a6\n      tangent 0 * twoCategoricalTangent coordinate :=\n  twoCategoricalTangent_spans tangent hTangent\n\n/-- A concrete nonzero simplex tangent has Fisher energy exactly four. -/\ntheorem fep100_fullRank_categorical_example :\n    IsSimplexTangent twoCategoricalTangent \u2227\n      twoCategoricalTangent \u2260 0 \u2227\n      fisherMetric twoCategoricalFisherCarrier.model\n        twoCategoricalTangent twoCategoricalTangent = 4 :=\n  twoCategorical_nonzeroTangent_metric\n\n/-- Duplicated score coordinates expose a nonzero null direction. -/\ntheorem fep100_rankDeficient_nullDirection_example :\n    duplicatedScoreNullTangent \u2260 0 \u2227\n      fisherMetric duplicatedFairBernoulliScoreModel\n        duplicatedScoreNullTangent duplicatedScoreNullTangent = 0 :=\n  duplicatedScore_nullDirection_example\n\nend FEP100\n]" time="0.000"><skipped type="pytest.skip" message="set FEP_LEAN_SLICE05_COMPILE_TEST=1 for serialized native checks">/home/trim/Documents/Git/HumOS/projects/outside_of_hum/fep_lean/tests/test_thermo_geometry_formalisms.py:243: set FEP_LEAN_SLICE05_COMPILE_TEST=1 for serialized native checks</skipped></testcase><testcase classname="tests.test_thermo_geometry_formalisms" name="test_slice05_topic_bodies_compile_warning_free[fep-101-import FepSketches.geometric_optimization\n\nnamespace FEP101\n\nopen FEP FEP.GeometricOptimization FEP.InformationGeometry\nopen scoped Matrix\n\nvariable {Outcome : Type*} [Fintype Outcome]\nvariable {d k : \u2115}\n\n/-- Fisher pullback along a composite finite Jacobian equals successive\npullback through the two coordinate maps. -/\ntheorem fep101_fisherPullback_reparameterization\n    (model : ScoreModel Outcome d)\n    (outer : Matrix (Fin d) (Fin k) \u211d)\n    (inner : Matrix (Fin k) (Fin d) \u211d)\n    (left right : Fin d \u2192 \u211d) :\n    pullbackMetric model (outer * inner) left right =\n      pullbackMetric model outer (inner.mulVec left) (inner.mulVec right) :=\n  fisherPullback_comp model outer inner left right\n\n/-- Every Fisher pullback remains positive semidefinite. -/\ntheorem fep101_fisherPullback_nonnegative\n    (model : ScoreModel Outcome d)\n    (jacobian : Matrix (Fin d) (Fin k) \u211d) (tangent : Fin k \u2192 \u211d) :\n    0 \u2264 pullbackMetric model jacobian tangent tangent :=\n  pullbackMetric_nonneg model jacobian tangent\n\nend FEP101\n]" time="0.000"><skipped type="pytest.skip" message="set FEP_LEAN_SLICE05_COMPILE_TEST=1 for serialized native checks">/home/trim/Documents/Git/HumOS/projects/outside_of_hum/fep_lean/tests/test_thermo_geometry_formalisms.py:243: set FEP_LEAN_SLICE05_COMPILE_TEST=1 for serialized native checks</skipped></testcase><testcase classname="tests.test_thermo_geometry_formalisms" name="test_slice05_topic_bodies_compile_warning_free[fep-102-import FepSketches.geometric_optimization\n\nnamespace FEP102\n\nopen FEP FEP.GeometricOptimization FEP.InformationGeometry\n\nvariable {Outcome : Type*} [Fintype Outcome]\n\n/-- Unbiasedness, the finite score-regularity identity, and positive Fisher\ninformation imply the scalar Cram\xe9r--Rao lower bound. -/\ntheorem fep102_unbiasedScalar_cramerRao\n    (model : ScoreModel Outcome 1) (estimator : Outcome \u2192 \u211d)\n    (target : \u211d)\n    (certificate : ScalarCramerRaoCertificate model estimator target) :\n    1 \u2264 estimatorVariance model.law estimator target * scalarFisher model :=\n  scalarCramerRao model estimator target certificate\n\nend FEP102\n]" time="0.000"><skipped type="pytest.skip" message="set FEP_LEAN_SLICE05_COMPILE_TEST=1 for serialized native checks">/home/trim/Documents/Git/HumOS/projects/outside_of_hum/fep_lean/tests/test_thermo_geometry_formalisms.py:243: set FEP_LEAN_SLICE05_COMPILE_TEST=1 for serialized native checks</skipped></testcase><testcase classname="tests.test_thermo_geometry_formalisms" name="test_slice05_topic_bodies_compile_warning_free[fep-103-import FepSketches.geometric_optimization\n\nnamespace FEP103\n\nopen FEP FEP.GeometricOptimization FEP.InformationGeometry\nopen scoped Matrix\n\nvariable {Outcome : Type*} [Fintype Outcome]\nvariable {d : \u2115}\n\n/-- An invertible full-rank Fisher metric and invertible chart transport the\nnatural gradient equivariantly to the pulled-back covector. -/\ntheorem fep103_naturalGradient_equivariance\n    (model : ScoreModel Outcome d) [Invertible (fisherMatrix model)]\n    (jacobian : Matrix (Fin d) (Fin d) \u211d) [Invertible jacobian]\n    (covector : Fin d \u2192 \u211d) :\n    chartPullbackLower model jacobian\n        (chartCoordinates jacobian (naturalGradient model covector)) =\n      chartCovector jacobian covector :=\n  naturalGradient_equivariant model jacobian covector\n\n/-- The slice's finite Cauchy--Schwarz proof spike remains directly available\nat this gate topic, with its strict positive-energy boundary explicit. -/\ntheorem fep103_weightedCauchySchwarz_proofSpike\n    (law : FiniteLaw Outcome) (left right : Outcome \u2192 \u211d)\n    (hRight : 0 &lt; \u2211 outcome, law outcome * right outcome ^ 2) :\n    (\u2211 outcome, law outcome * left outcome * right outcome) ^ 2 \u2264\n      (\u2211 outcome, law outcome * left outcome ^ 2) *\n        \u2211 outcome, law outcome * right outcome ^ 2 :=\n  weightedCauchySchwarz_of_right_pos law left right hRight\n\nend FEP103\n]" time="0.000"><skipped type="pytest.skip" message="set FEP_LEAN_SLICE05_COMPILE_TEST=1 for serialized native checks">/home/trim/Documents/Git/HumOS/projects/outside_of_hum/fep_lean/tests/test_thermo_geometry_formalisms.py:243: set FEP_LEAN_SLICE05_COMPILE_TEST=1 for serialized native checks</skipped></testcase><testcase classname="tests.test_thermo_geometry_formalisms" name="test_slice05_topic_bodies_compile_warning_free[fep-104-import FepSketches.geometric_optimization\n\nnamespace FEP104\n\nopen FEP.GeometricOptimization\n\nvariable {d : \u2115}\n\n/-- The Bregman divergence generated by supplied potential and gradient data\nobeys the exact mirror-descent three-point identity. -/\ntheorem fep104_mirrorDescent_threePoint_identity\n    (potential : (Fin d \u2192 \u211d) \u2192 \u211d)\n    (gradient : (Fin d \u2192 \u211d) \u2192 Fin d \u2192 \u211d)\n    (left middle right : Fin d \u2192 \u211d) :\n    bregmanDivergence potential gradient left right -\n        bregmanDivergence potential gradient left middle -\n        bregmanDivergence potential gradient middle right =\n      coordinatePairing\n        (fun coordinate \u21a6\n          gradient middle coordinate - gradient right coordinate)\n        (fun coordinate \u21a6 left coordinate - middle coordinate) :=\n  mirrorDescent_threePoint_identity potential gradient left middle right\n\nend FEP104\n]" time="0.000"><skipped type="pytest.skip" message="set FEP_LEAN_SLICE05_COMPILE_TEST=1 for serialized native checks">/home/trim/Documents/Git/HumOS/projects/outside_of_hum/fep_lean/tests/test_thermo_geometry_formalisms.py:243: set FEP_LEAN_SLICE05_COMPILE_TEST=1 for serialized native checks</skipped></testcase><testcase classname="tests.test_thermo_geometry_formalisms" name="test_slice05_topic_bodies_compile_warning_free[fep-105-import FepSketches.geometric_optimization\n\nnamespace FEP105\n\nopen FEP.GeometricOptimization\n\nvariable {d : \u2115}\n\n/-- Orthogonality on the maintained affine family yields the exact Bregman\nPythagorean law. -/\ntheorem fep105_affineProjection_bregmanPythagorean\n    (potential : (Fin d \u2192 \u211d) \u2192 \u211d)\n    (gradient : (Fin d \u2192 \u211d) \u2192 Fin d \u2192 \u211d)\n    (affineSet : Set (Fin d \u2192 \u211d))\n    (base projection candidate : Fin d \u2192 \u211d)\n    (hProjection : AffineBregmanProjection potential gradient affineSet\n      base projection)\n    (hCandidate : candidate \u2208 affineSet) :\n    bregmanDivergence potential gradient candidate base =\n      bregmanDivergence potential gradient candidate projection +\n        bregmanDivergence potential gradient projection base :=\n  affineProjection_bregmanPythagorean potential gradient affineSet base\n    projection candidate hProjection hCandidate\n\n/-- Nonnegative residual divergence makes the affine projection a minimizer. -/\ntheorem fep105_affineProjection_minimizes\n    (potential : (Fin d \u2192 \u211d) \u2192 \u211d)\n    (gradient : (Fin d \u2192 \u211d) \u2192 Fin d \u2192 \u211d)\n    (affineSet : Set (Fin d \u2192 \u211d))\n    (base projection candidate : Fin d \u2192 \u211d)\n    (hProjection : AffineBregmanProjection potential gradient affineSet\n      base projection)\n    (hCandidate : candidate \u2208 affineSet)\n    (hNonnegative :\n      0 \u2264 bregmanDivergence potential gradient candidate projection) :\n    bregmanDivergence potential gradient projection base \u2264\n      bregmanDivergence potential gradient candidate base :=\n  affineProjection_minimizes potential gradient affineSet base projection\n    candidate hProjection hCandidate hNonnegative\n\nend FEP105\n]" time="0.000"><skipped type="pytest.skip" message="set FEP_LEAN_SLICE05_COMPILE_TEST=1 for serialized native checks">/home/trim/Documents/Git/HumOS/projects/outside_of_hum/fep_lean/tests/test_thermo_geometry_formalisms.py:243: set FEP_LEAN_SLICE05_COMPILE_TEST=1 for serialized native checks</skipped></testcase><testcase classname="tests.test_thermo_geometry_formalisms" name="test_slice05_topic_bodies_compile_warning_free[fep-106-import FepSketches.geometric_optimization\n\nnamespace FEP106\n\nopen FEP FEP.GeometricOptimization FEP.InformationGeometry Finset\nopen scoped BigOperators\n\nvariable {d : \u2115}\n\n/-- On a certified categorical Fisher carrier, the replicator field is the\nnatural gradient of centered fitness. -/\ntheorem fep106_replicator_naturalGradient_equivalence\n    (carrier : CategoricalFisherCarrier d) (fitness : Fin d \u2192 \u211d) :\n    IsNaturalGradient carrier.model\n      (fun coordinate \u21a6 fitness coordinate - meanFitness carrier.law fitness)\n      (replicatorVector carrier.law fitness) :=\n  replicator_naturalGradient_equivalence carrier fitness\n\n/-- Replicator dynamics preserves the affine simplex constraint. -/\ntheorem fep106_replicator_massConservation\n    (law : FiniteLaw (Fin d)) (fitness : Fin d \u2192 \u211d) :\n    \u2211 coordinate, replicatorVector law fitness coordinate = 0 :=\n  replicatorVector_isSimplexTangent law fitness\n\n/-- A concrete nonconstant two-outcome fitness produces a nonzero replicator\nfield and realizes the categorical natural-gradient equivalence. -/\ntheorem fep106_twoCategorical_nonzero_replicator_witness :\n    twoCategoricalFitness 0 \u2260 twoCategoricalFitness 1 \u2227\n      replicatorVector twoCategoricalLaw twoCategoricalFitness \u2260 0 \u2227\n      IsNaturalGradient twoCategoricalFisherCarrier.model\n        (fun coordinate \u21a6\n          twoCategoricalFitness coordinate -\n            meanFitness twoCategoricalLaw twoCategoricalFitness)\n        (replicatorVector twoCategoricalLaw twoCategoricalFitness) :=\n  twoCategorical_replicator_nonzero_witness\n\nend FEP106\n]" time="0.463"><skipped type="pytest.skip" message="set FEP_LEAN_SLICE05_COMPILE_TEST=1 for serialized native checks">/home/trim/Documents/Git/HumOS/projects/outside_of_hum/fep_lean/tests/test_thermo_geometry_formalisms.py:243: set FEP_LEAN_SLICE05_COMPILE_TEST=1 for serialized native checks</skipped></testcase></testsuite></testsuites>